<?xml version="1.0" encoding="UTF-8"?>
<testsuite name="TestSuite" time="16.574" tests="88" errors="0" skipped="86" failures="1">
  <properties>
    <property name="java.runtime.name" value="Java(TM) SE Runtime Environment"/>
    <property name="sun.boot.library.path" value="C:\Program Files\Java\jdk1.8.0_25\jre\bin"/>
    <property name="java.vm.version" value="25.25-b02"/>
    <property name="java.vm.vendor" value="Oracle Corporation"/>
    <property name="java.vendor.url" value="http://java.oracle.com/"/>
    <property name="path.separator" value=";"/>
    <property name="guice.disable.misplaced.annotation.check" value="true"/>
    <property name="java.vm.name" value="Java HotSpot(TM) 64-Bit Server VM"/>
    <property name="file.encoding.pkg" value="sun.io"/>
    <property name="user.script" value=""/>
    <property name="user.country" value="RU"/>
    <property name="sun.java.launcher" value="SUN_STANDARD"/>
    <property name="sun.os.patch.level" value=""/>
    <property name="java.vm.specification.name" value="Java Virtual Machine Specification"/>
    <property name="user.dir" value="C:\temp\turnkeye2\turnkeye2\turnkeye2"/>
    <property name="java.runtime.version" value="1.8.0_25-b18"/>
    <property name="java.awt.graphicsenv" value="sun.awt.Win32GraphicsEnvironment"/>
    <property name="java.endorsed.dirs" value="C:\Program Files\Java\jdk1.8.0_25\jre\lib\endorsed"/>
    <property name="os.arch" value="amd64"/>
    <property name="java.io.tmpdir" value="C:\Users\Lana\AppData\Local\Temp\"/>
    <property name="line.separator" value="&#10;"/>
    <property name="java.vm.specification.vendor" value="Oracle Corporation"/>
    <property name="user.variant" value=""/>
    <property name="os.name" value="Windows 8"/>
    <property name="classworlds.conf" value="C:\Program Files\maven\bin\m2.conf"/>
    <property name="sun.jnu.encoding" value="Cp1251"/>
    <property name="java.library.path" value="C:\Program Files\Java\jdk1.8.0_25\bin;C:\Windows\Sun\Java\bin;C:\Windows\system32;C:\Windows;C:\ProgramData\Oracle\Java\javapath;C:\Program Files (x86)\NVIDIA Corporation\PhysX\Common;C:\Windows\system32;C:\Windows;C:\Windows\System32\Wbem;C:\Windows\System32\WindowsPowerShell\v1.0\;C:\Program Files\nodejs\;%M2_HOME%\bin;C:\Program Files (x86)\Git\cmd;C:\Tools;C:\strawberry\c\bin;C:\strawberry\perl\bin;C:\Python27\sqlmap-dev\Python27;C:\Program Files\Microsoft SQL Server\110\Tools\Binn\;C:\Program Files (x86)\Microsoft SQL Server\110\Tools\Binn\;C:\Program Files\Microsoft SQL Server\110\DTS\Binn\;C:\Tools\Selenium;C:\Program Files\TortoiseSVN\bin;C:\Windows\Microsoft.NET\Framework\v2.0.50727;C:\Program Files\Java\jdk1.8.0_25\bin;C:\Users\Lana\AppData\Roaming\npm;C:\Tools;C:\Tools\apache-maven-3.2.1\bin;C:\Python27\sqlmap-dev\Python27;C:\Tools\Selenium;C:\Tools\apache-jmeter-2.11\lib;;."/>
    <property name="java.specification.name" value="Java Platform API Specification"/>
    <property name="java.class.version" value="52.0"/>
    <property name="sun.management.compiler" value="HotSpot 64-Bit Tiered Compilers"/>
    <property name="os.version" value="6.2"/>
    <property name="user.home" value="C:\Users\Lana"/>
    <property name="user.timezone" value="Europe/Moscow"/>
    <property name="java.awt.printerjob" value="sun.awt.windows.WPrinterJob"/>
    <property name="java.specification.version" value="1.8"/>
    <property name="file.encoding" value="Cp1251"/>
    <property name="user.name" value="Lana"/>
    <property name="java.class.path" value="C:\Program Files\maven\boot\plexus-classworlds-2.5.1.jar"/>
    <property name="org.slf4j.simpleLogger.defaultLogLevel" value="info"/>
    <property name="java.vm.specification.version" value="1.8"/>
    <property name="sun.arch.data.model" value="64"/>
    <property name="java.home" value="C:\Program Files\Java\jdk1.8.0_25\jre"/>
    <property name="sun.java.command" value="org.codehaus.plexus.classworlds.launcher.Launcher test"/>
    <property name="java.specification.vendor" value="Oracle Corporation"/>
    <property name="user.language" value="ru"/>
    <property name="awt.toolkit" value="sun.awt.windows.WToolkit"/>
    <property name="java.vm.info" value="mixed mode"/>
    <property name="java.version" value="1.8.0_25"/>
    <property name="java.ext.dirs" value="C:\Program Files\Java\jdk1.8.0_25\jre\lib\ext;C:\Windows\Sun\Java\lib\ext"/>
    <property name="sun.boot.class.path" value="C:\Program Files\Java\jdk1.8.0_25\jre\lib\resources.jar;C:\Program Files\Java\jdk1.8.0_25\jre\lib\rt.jar;C:\Program Files\Java\jdk1.8.0_25\jre\lib\sunrsasign.jar;C:\Program Files\Java\jdk1.8.0_25\jre\lib\jsse.jar;C:\Program Files\Java\jdk1.8.0_25\jre\lib\jce.jar;C:\Program Files\Java\jdk1.8.0_25\jre\lib\charsets.jar;C:\Program Files\Java\jdk1.8.0_25\jre\lib\jfr.jar;C:\Program Files\Java\jdk1.8.0_25\jre\classes"/>
    <property name="sun.stderr.encoding" value="cp866"/>
    <property name="java.vendor" value="Oracle Corporation"/>
    <property name="maven.home" value="C:\Program Files\maven"/>
    <property name="file.separator" value="\"/>
    <property name="java.vendor.url.bug" value="http://bugreport.sun.com/bugreport/"/>
    <property name="sun.cpu.endian" value="little"/>
    <property name="sun.io.unicode.encoding" value="UnicodeLittle"/>
    <property name="sun.stdout.encoding" value="cp866"/>
    <property name="sun.desktop" value="windows"/>
    <property name="sun.cpu.isalist" value="amd64"/>
  </properties>
  <testcase name="testUntitled4" classname="home.JS_error" time="7.272"/>
  <testcase name="init" classname="about.JS_error" time="9.302">
    <failure message="Session ID is null. Using WebDriver after calling quit()?&#10;Build info: version: &apos;2.44.0&apos;, revision: &apos;76d78cf&apos;, time: &apos;2014-10-23 20:03:00&apos;&#10;System info: host: &apos;PC-SBARANOVA&apos;, ip: &apos;192.168.56.1&apos;, os.name: &apos;Windows 8&apos;, os.arch: &apos;amd64&apos;, os.version: &apos;6.2&apos;, java.version: &apos;1.8.0_25&apos;&#10;Driver info: driver.version: RemoteWebDriver" type="org.openqa.selenium.remote.SessionNotFoundException">org.openqa.selenium.remote.SessionNotFoundException: Session ID is null. Using WebDriver after calling quit()?
Build info: version: '2.44.0', revision: '76d78cf', time: '2014-10-23 20:03:00'
System info: host: 'PC-SBARANOVA', ip: '192.168.56.1', os.name: 'Windows 8', os.arch: 'amd64', os.version: '6.2', java.version: '1.8.0_25'
Driver info: driver.version: RemoteWebDriver
	at org.openqa.selenium.remote.HttpCommandExecutor.execute(HttpCommandExecutor.java:158)
	at org.openqa.selenium.remote.service.DriverCommandExecutor.execute(DriverCommandExecutor.java:66)
	at org.openqa.selenium.remote.RemoteWebDriver.execute(RemoteWebDriver.java:572)
	at org.openqa.selenium.remote.RemoteWebDriver$RemoteWebDriverOptions$RemoteTimeouts.implicitlyWait(RemoteWebDriver.java:770)
	at turnkeye2.pages.TestBase.init(TestBase.java:98)
	at sun.reflect.NativeMethodAccessorImpl.invoke0(Native Method)
	at sun.reflect.NativeMethodAccessorImpl.invoke(NativeMethodAccessorImpl.java:62)
	at sun.reflect.DelegatingMethodAccessorImpl.invoke(DelegatingMethodAccessorImpl.java:43)
	at java.lang.reflect.Method.invoke(Method.java:483)
	at org.testng.internal.MethodInvocationHelper.invokeMethod(MethodInvocationHelper.java:84)
	at org.testng.internal.Invoker.invokeConfigurationMethod(Invoker.java:564)
	at org.testng.internal.Invoker.invokeConfigurations(Invoker.java:213)
	at org.testng.internal.Invoker.invokeConfigurations(Invoker.java:138)
	at org.testng.internal.TestMethodWorker.invokeBeforeClassMethods(TestMethodWorker.java:175)
	at org.testng.internal.TestMethodWorker.run(TestMethodWorker.java:107)
	at org.testng.TestRunner.privateRun(TestRunner.java:767)
	at org.testng.TestRunner.run(TestRunner.java:617)
	at org.testng.SuiteRunner.runTest(SuiteRunner.java:348)
	at org.testng.SuiteRunner.runSequentially(SuiteRunner.java:343)
	at org.testng.SuiteRunner.privateRun(SuiteRunner.java:305)
	at org.testng.SuiteRunner.run(SuiteRunner.java:254)
	at org.testng.SuiteRunnerWorker.runSuite(SuiteRunnerWorker.java:52)
	at org.testng.SuiteRunnerWorker.run(SuiteRunnerWorker.java:86)
	at org.testng.TestNG.runSuitesSequentially(TestNG.java:1224)
	at org.testng.TestNG.runSuitesLocally(TestNG.java:1149)
	at org.testng.TestNG.run(TestNG.java:1057)
	at org.apache.maven.surefire.testng.TestNGExecutor.run(TestNGExecutor.java:217)
	at org.apache.maven.surefire.testng.TestNGXmlTestSuite.execute(TestNGXmlTestSuite.java:84)
	at org.apache.maven.surefire.testng.TestNGProvider.invoke(TestNGProvider.java:92)
	at org.apache.maven.surefire.booter.ForkedBooter.invokeProviderInSameClassLoader(ForkedBooter.java:200)
	at org.apache.maven.surefire.booter.ForkedBooter.runSuitesInProcess(ForkedBooter.java:153)
	at org.apache.maven.surefire.booter.ForkedBooter.main(ForkedBooter.java:103)
</failure>
  </testcase>
  <testcase name="testUntitled4" classname="about.JS_error" time="0">
    <skipped/>
  </testcase>
  <testcase name="init2" classname="about.JS_error" time="0">
    <skipped/>
  </testcase>
  <testcase name="init" classname="clients.JS_error" time="0">
    <skipped/>
  </testcase>
  <testcase name="testUntitled4" classname="clients.JS_error" time="0">
    <skipped/>
  </testcase>
  <testcase name="init2" classname="clients.JS_error" time="0">
    <skipped/>
  </testcase>
  <testcase name="init" classname="services.JS_error" time="0">
    <skipped/>
  </testcase>
  <testcase name="testUntitled4" classname="services.JS_error" time="0">
    <skipped/>
  </testcase>
  <testcase name="init2" classname="services.JS_error" time="0">
    <skipped/>
  </testcase>
  <testcase name="init" classname="contact.JS_error" time="0">
    <skipped/>
  </testcase>
  <testcase name="testUntitled4" classname="contact.JS_error" time="0">
    <skipped/>
  </testcase>
  <testcase name="init2" classname="contact.JS_error" time="0">
    <skipped/>
  </testcase>
  <testcase name="init" classname="blog.JS_error_blog" time="0">
    <skipped/>
  </testcase>
  <testcase name="testUntitled4" classname="blog.JS_error_blog" time="0">
    <skipped/>
  </testcase>
  <testcase name="init2" classname="blog.JS_error_blog" time="0">
    <skipped/>
  </testcase>
  <testcase name="init" classname="blog.JS_error_post" time="0">
    <skipped/>
  </testcase>
  <testcase name="testUntitled4" classname="blog.JS_error_post" time="0">
    <skipped/>
  </testcase>
  <testcase name="init2" classname="blog.JS_error_post" time="0">
    <skipped/>
  </testcase>
  <testcase name="init" classname="home.Newsletter_empty" time="0">
    <skipped/>
  </testcase>
  <testcase name="testUntitled" classname="home.Newsletter_empty" time="0">
    <skipped/>
  </testcase>
  <testcase name="init2" classname="home.Newsletter_empty" time="0">
    <skipped/>
  </testcase>
  <testcase name="init" classname="home.Newsletter_invalid" time="0">
    <skipped/>
  </testcase>
  <testcase name="testUntitled2" classname="home.Newsletter_invalid" time="0">
    <skipped/>
  </testcase>
  <testcase name="init2" classname="home.Newsletter_invalid" time="0">
    <skipped/>
  </testcase>
  <testcase name="init" classname="home.Newsletter_valid" time="0">
    <skipped/>
  </testcase>
  <testcase name="testUntitled3" classname="home.Newsletter_valid" time="0">
    <skipped/>
  </testcase>
  <testcase name="init2" classname="home.Newsletter_valid" time="0">
    <skipped/>
  </testcase>
  <testcase name="init" classname="home.Banner" time="0">
    <skipped/>
  </testcase>
  <testcase name="testUntitled4" classname="home.Banner" time="0">
    <skipped/>
  </testcase>
  <testcase name="init2" classname="home.Banner" time="0">
    <skipped/>
  </testcase>
  <testcase name="init" classname="about.Tabs" time="0">
    <skipped/>
  </testcase>
  <testcase name="testUntitled5" classname="about.Tabs" time="0">
    <skipped/>
  </testcase>
  <testcase name="init2" classname="about.Tabs" time="0">
    <skipped/>
  </testcase>
  <testcase name="init" classname="about.Contact_us" time="0">
    <skipped/>
  </testcase>
  <testcase name="testUntitled6" classname="about.Contact_us" time="0">
    <skipped/>
  </testcase>
  <testcase name="init2" classname="about.Contact_us" time="0">
    <skipped/>
  </testcase>
  <testcase name="init" classname="clients.Details" time="0">
    <skipped/>
  </testcase>
  <testcase name="testUntitled8" classname="clients.Details" time="0">
    <skipped/>
  </testcase>
  <testcase name="init2" classname="clients.Details" time="0">
    <skipped/>
  </testcase>
  <testcase name="init" classname="clients.Details_elements" time="0">
    <skipped/>
  </testcase>
  <testcase name="testUntitled9" classname="clients.Details_elements" time="0">
    <skipped/>
  </testcase>
  <testcase name="init2" classname="clients.Details_elements" time="0">
    <skipped/>
  </testcase>
  <testcase name="init" classname="clients.Navigation" time="0">
    <skipped/>
  </testcase>
  <testcase name="testUntitled10" classname="clients.Navigation" time="0">
    <skipped/>
  </testcase>
  <testcase name="init2" classname="clients.Navigation" time="0">
    <skipped/>
  </testcase>
  <testcase name="init" classname="clients.Website" time="0">
    <skipped/>
  </testcase>
  <testcase name="testUntitled7" classname="clients.Website" time="0">
    <skipped/>
  </testcase>
  <testcase name="init2" classname="clients.Website" time="0">
    <skipped/>
  </testcase>
  <testcase name="init" classname="services.Page" time="0">
    <skipped/>
  </testcase>
  <testcase name="testUntitled2" classname="services.Page" time="0">
    <skipped/>
  </testcase>
  <testcase name="init2" classname="services.Page" time="0">
    <skipped/>
  </testcase>
  <testcase name="init" classname="contact.Form_invalid" time="0">
    <skipped/>
  </testcase>
  <testcase name="testUntitled3" classname="contact.Form_invalid" time="0">
    <skipped/>
  </testcase>
  <testcase name="init2" classname="contact.Form_invalid" time="0">
    <skipped/>
  </testcase>
  <testcase name="init" classname="contact.Form_empty" time="0">
    <skipped/>
  </testcase>
  <testcase name="testUntitled4" classname="contact.Form_empty" time="0">
    <skipped/>
  </testcase>
  <testcase name="init2" classname="contact.Form_empty" time="0">
    <skipped/>
  </testcase>
  <testcase name="init" classname="contact.Form_valid" time="0">
    <skipped/>
  </testcase>
  <testcase name="testUntitled6" classname="contact.Form_valid" time="0">
    <skipped/>
  </testcase>
  <testcase name="init2" classname="contact.Form_valid" time="0">
    <skipped/>
  </testcase>
  <testcase name="init" classname="contact.Contact_email_change" time="0">
    <skipped/>
  </testcase>
  <testcase name="testUntitled6" classname="contact.Contact_email_change" time="0">
    <skipped/>
  </testcase>
  <testcase name="init2" classname="contact.Contact_email_change" time="0">
    <skipped/>
  </testcase>
  <testcase name="init" classname="blog.Captcha_empty" time="0">
    <skipped/>
  </testcase>
  <testcase name="testUntitled" classname="blog.Captcha_empty" time="0">
    <skipped/>
  </testcase>
  <testcase name="init2" classname="blog.Captcha_empty" time="0">
    <skipped/>
  </testcase>
  <testcase name="init" classname="blog.Captcha_invalid" time="0">
    <skipped/>
  </testcase>
  <testcase name="testUntitled2" classname="blog.Captcha_invalid" time="0">
    <skipped/>
  </testcase>
  <testcase name="init2" classname="blog.Captcha_invalid" time="0">
    <skipped/>
  </testcase>
  <testcase name="init" classname="blog.Captcha_disable" time="0">
    <skipped/>
  </testcase>
  <testcase name="testUntitled3" classname="blog.Captcha_disable" time="0">
    <skipped/>
  </testcase>
  <testcase name="init2" classname="blog.Captcha_disable" time="0">
    <skipped/>
  </testcase>
  <testcase name="init" classname="blog.Comment" time="0">
    <skipped/>
  </testcase>
  <testcase name="testUntitled4" classname="blog.Comment" time="0">
    <skipped/>
  </testcase>
  <testcase name="init2" classname="blog.Comment" time="0">
    <skipped/>
  </testcase>
  <testcase name="init" classname="blog.Captche_enable" time="0">
    <skipped/>
  </testcase>
  <testcase name="testUntitled3" classname="blog.Captche_enable" time="0">
    <skipped/>
  </testcase>
  <testcase name="init2" classname="blog.Captche_enable" time="0">
    <skipped/>
  </testcase>
  <testcase name="init" classname="blog.Details_page" time="0">
    <skipped/>
  </testcase>
  <testcase name="testUntitled" classname="blog.Details_page" time="0">
    <skipped/>
  </testcase>
  <testcase name="init2" classname="blog.Details_page" time="0">
    <skipped/>
  </testcase>
  <testcase name="init" classname="blog.Blog_page" time="0">
    <skipped/>
  </testcase>
  <testcase name="testUntitled2" classname="blog.Blog_page" time="0">
    <skipped/>
  </testcase>
  <testcase name="init2" classname="blog.Blog_page" time="0">
    <skipped/>
  </testcase>
  <testcase name="init" classname="blog.Search" time="0">
    <skipped/>
  </testcase>
  <testcase name="testUntitled3" classname="blog.Search" time="0">
    <skipped/>
  </testcase>
  <testcase name="init2" classname="blog.Search" time="0">
    <skipped/>
  </testcase>
</testsuite>