<?xml version="1.0" encoding="UTF-8"?>
<testsuite name="TestSuite" time="266.605" tests="30" errors="0" skipped="0" failures="1">
  <properties>
    <property name="java.runtime.name" value="Java(TM) SE Runtime Environment"/>
    <property name="sun.boot.library.path" value="C:\Program Files\Java\jdk1.8.0_25\jre\bin"/>
    <property name="java.vm.version" value="25.25-b02"/>
    <property name="java.vm.vendor" value="Oracle Corporation"/>
    <property name="java.vendor.url" value="http://java.oracle.com/"/>
    <property name="path.separator" value=";"/>
    <property name="guice.disable.misplaced.annotation.check" value="true"/>
    <property name="java.vm.name" value="Java HotSpot(TM) 64-Bit Server VM"/>
    <property name="file.encoding.pkg" value="sun.io"/>
    <property name="user.script" value=""/>
    <property name="user.country" value="RU"/>
    <property name="sun.java.launcher" value="SUN_STANDARD"/>
    <property name="sun.os.patch.level" value=""/>
    <property name="java.vm.specification.name" value="Java Virtual Machine Specification"/>
    <property name="user.dir" value="C:\temp\turnkeye2\turnkeye2\turnkeye2"/>
    <property name="java.runtime.version" value="1.8.0_25-b18"/>
    <property name="java.awt.graphicsenv" value="sun.awt.Win32GraphicsEnvironment"/>
    <property name="java.endorsed.dirs" value="C:\Program Files\Java\jdk1.8.0_25\jre\lib\endorsed"/>
    <property name="os.arch" value="amd64"/>
    <property name="java.io.tmpdir" value="C:\Users\Lana\AppData\Local\Temp\"/>
    <property name="line.separator" value="&#10;"/>
    <property name="java.vm.specification.vendor" value="Oracle Corporation"/>
    <property name="user.variant" value=""/>
    <property name="os.name" value="Windows 8"/>
    <property name="classworlds.conf" value="C:\Program Files\maven\bin\m2.conf"/>
    <property name="sun.jnu.encoding" value="Cp1251"/>
    <property name="java.library.path" value="C:\Program Files\Java\jdk1.8.0_25\bin;C:\Windows\Sun\Java\bin;C:\Windows\system32;C:\Windows;C:\ProgramData\Oracle\Java\javapath;C:\Program Files (x86)\NVIDIA Corporation\PhysX\Common;C:\Windows\system32;C:\Windows;C:\Windows\System32\Wbem;C:\Windows\System32\WindowsPowerShell\v1.0\;C:\Program Files\nodejs\;%M2_HOME%\bin;C:\Program Files (x86)\Git\cmd;C:\Tools;C:\strawberry\c\bin;C:\strawberry\perl\bin;C:\Python27\sqlmap-dev\Python27;C:\Program Files\Microsoft SQL Server\110\Tools\Binn\;C:\Program Files (x86)\Microsoft SQL Server\110\Tools\Binn\;C:\Program Files\Microsoft SQL Server\110\DTS\Binn\;C:\Tools\Selenium;C:\Program Files\TortoiseSVN\bin;C:\Program Files\Java\jdk1.8.0_25\bin;C:\Users\Lana\AppData\Roaming\npm;C:\Tools;C:\Tools\apache-maven-3.2.1\bin;C:\Python27\sqlmap-dev\Python27;C:\Tools\Selenium;C:\Tools\apache-jmeter-2.11\lib;;."/>
    <property name="java.specification.name" value="Java Platform API Specification"/>
    <property name="java.class.version" value="52.0"/>
    <property name="sun.management.compiler" value="HotSpot 64-Bit Tiered Compilers"/>
    <property name="os.version" value="6.2"/>
    <property name="user.home" value="C:\Users\Lana"/>
    <property name="user.timezone" value="Europe/Moscow"/>
    <property name="java.awt.printerjob" value="sun.awt.windows.WPrinterJob"/>
    <property name="java.specification.version" value="1.8"/>
    <property name="file.encoding" value="Cp1251"/>
    <property name="user.name" value="Lana"/>
    <property name="java.class.path" value="C:\Program Files\maven\boot\plexus-classworlds-2.5.1.jar"/>
    <property name="org.slf4j.simpleLogger.defaultLogLevel" value="info"/>
    <property name="java.vm.specification.version" value="1.8"/>
    <property name="sun.arch.data.model" value="64"/>
    <property name="java.home" value="C:\Program Files\Java\jdk1.8.0_25\jre"/>
    <property name="sun.java.command" value="org.codehaus.plexus.classworlds.launcher.Launcher test"/>
    <property name="java.specification.vendor" value="Oracle Corporation"/>
    <property name="user.language" value="ru"/>
    <property name="awt.toolkit" value="sun.awt.windows.WToolkit"/>
    <property name="java.vm.info" value="mixed mode"/>
    <property name="java.version" value="1.8.0_25"/>
    <property name="java.ext.dirs" value="C:\Program Files\Java\jdk1.8.0_25\jre\lib\ext;C:\Windows\Sun\Java\lib\ext"/>
    <property name="sun.boot.class.path" value="C:\Program Files\Java\jdk1.8.0_25\jre\lib\resources.jar;C:\Program Files\Java\jdk1.8.0_25\jre\lib\rt.jar;C:\Program Files\Java\jdk1.8.0_25\jre\lib\sunrsasign.jar;C:\Program Files\Java\jdk1.8.0_25\jre\lib\jsse.jar;C:\Program Files\Java\jdk1.8.0_25\jre\lib\jce.jar;C:\Program Files\Java\jdk1.8.0_25\jre\lib\charsets.jar;C:\Program Files\Java\jdk1.8.0_25\jre\lib\jfr.jar;C:\Program Files\Java\jdk1.8.0_25\jre\classes"/>
    <property name="sun.stderr.encoding" value="cp866"/>
    <property name="java.vendor" value="Oracle Corporation"/>
    <property name="maven.home" value="C:\Program Files\maven"/>
    <property name="file.separator" value="\"/>
    <property name="java.vendor.url.bug" value="http://bugreport.sun.com/bugreport/"/>
    <property name="sun.cpu.endian" value="little"/>
    <property name="sun.io.unicode.encoding" value="UnicodeLittle"/>
    <property name="sun.stdout.encoding" value="cp866"/>
    <property name="sun.desktop" value="windows"/>
    <property name="sun.cpu.isalist" value="amd64"/>
  </properties>
  <testcase name="testUntitled4" classname="home.JS_error" time="5.462"/>
  <testcase name="testUntitled4" classname="about.JS_error" time="1.046"/>
  <testcase name="testUntitled4" classname="clients.JS_error" time="4.298"/>
  <testcase name="testUntitled4" classname="services.JS_error" time="0.695"/>
  <testcase name="testUntitled4" classname="contact.JS_error" time="0.627"/>
  <testcase name="testUntitled4" classname="blog.JS_error_blog" time="2.037">
    <failure message="expected:&lt;[]&gt; but was:&lt;[[2015-01-20T15:13:57+0400] [SEVERE] http://www.google.com/uds/?file=ads&amp;v=3&amp;packages=search&amp;async=2 0:0 Failed to load resource: the server responded with a status of 404 (Not Found)]&gt;" type="java.lang.AssertionError"><![CDATA[java.lang.AssertionError: expected:<[]> but was:<[[2015-01-20T15:13:57+0400] [SEVERE] http://www.google.com/uds/?file=ads&v=3&packages=search&async=2 0:0 Failed to load resource: the server responded with a status of 404 (Not Found)]>
	at org.junit.Assert.fail(Assert.java:88)
	at org.junit.Assert.failNotEquals(Assert.java:743)
	at org.junit.Assert.assertEquals(Assert.java:118)
	at org.junit.Assert.assertEquals(Assert.java:144)
	at blog.JS_error_blog.testUntitled4(JS_error_blog.java:41)
]]></failure>
    <system-out><![CDATA[http://www.google.com/uds/?file=ads&v=3&packages=search&async=2 0:0 Failed to load resource: the server responded with a status of 404 (Not Found)
]]></system-out>
  </testcase>
  <testcase name="testUntitled4" classname="blog.JS_error_post" time="0.739"/>
  <testcase name="testUntitled" classname="home.Newsletter_empty" time="8.966"/>
  <testcase name="testUntitled2" classname="home.Newsletter_invalid" time="0.894"/>
  <testcase name="testUntitled3" classname="home.Newsletter_valid" time="1.825"/>
  <testcase name="testUntitled4" classname="home.Banner" time="5.711"/>
  <testcase name="testUntitled5" classname="about.Tabs" time="2.084"/>
  <testcase name="testUntitled6" classname="about.Contact_us" time="1.01"/>
  <testcase name="testUntitled8" classname="clients.Details" time="54.457"/>
  <testcase name="testUntitled9" classname="clients.Details_elements" time="4.483"/>
  <testcase name="testUntitled10" classname="clients.Navigation" time="8.009"/>
  <testcase name="testUntitled7" classname="clients.Website" time="3.044"/>
  <testcase name="testUntitled2" classname="services.Page" time="1.294"/>
  <testcase name="testUntitled3" classname="contact.Form_invalid" time="1.129"/>
  <testcase name="testUntitled4" classname="contact.Form_empty" time="0.632"/>
  <testcase name="testUntitled6" classname="contact.Form_valid" time="40.516"/>
  <testcase name="testUntitled6" classname="contact.Contact_email_change" time="17.482"/>
  <testcase name="testUntitled" classname="blog.Captcha_empty" time="11.635"/>
  <testcase name="testUntitled2" classname="blog.Captcha_invalid" time="13.961"/>
  <testcase name="testUntitled3" classname="blog.Captcha_disable" time="14.246"/>
  <testcase name="testUntitled4" classname="blog.Comment" time="36.363"/>
  <testcase name="testUntitled3" classname="blog.Captche_enable" time="11.787"/>
  <testcase name="testUntitled" classname="blog.Details_page" time="3.283"/>
  <testcase name="testUntitled2" classname="blog.Blog_page" time="7.057"/>
  <testcase name="testUntitled3" classname="blog.Search" time="1.833"/>
</testsuite>