<?xml version="1.0" encoding="UTF-8"?>
<testsuite name="TestSuite" time="0.171" tests="30" errors="0" skipped="0" failures="30">
  <properties>
    <property name="java.runtime.name" value="Java(TM) SE Runtime Environment"/>
    <property name="sun.boot.library.path" value="C:\Program Files\Java\jdk1.8.0_25\jre\bin"/>
    <property name="java.vm.version" value="25.25-b02"/>
    <property name="java.vm.vendor" value="Oracle Corporation"/>
    <property name="java.vendor.url" value="http://java.oracle.com/"/>
    <property name="path.separator" value=";"/>
    <property name="guice.disable.misplaced.annotation.check" value="true"/>
    <property name="java.vm.name" value="Java HotSpot(TM) 64-Bit Server VM"/>
    <property name="file.encoding.pkg" value="sun.io"/>
    <property name="user.script" value=""/>
    <property name="user.country" value="RU"/>
    <property name="sun.java.launcher" value="SUN_STANDARD"/>
    <property name="sun.os.patch.level" value=""/>
    <property name="java.vm.specification.name" value="Java Virtual Machine Specification"/>
    <property name="user.dir" value="C:\temp\turnkeye2\turnkeye2\turnkeye2"/>
    <property name="java.runtime.version" value="1.8.0_25-b18"/>
    <property name="java.awt.graphicsenv" value="sun.awt.Win32GraphicsEnvironment"/>
    <property name="java.endorsed.dirs" value="C:\Program Files\Java\jdk1.8.0_25\jre\lib\endorsed"/>
    <property name="os.arch" value="amd64"/>
    <property name="java.io.tmpdir" value="C:\Users\Lana\AppData\Local\Temp\"/>
    <property name="line.separator" value="&#10;"/>
    <property name="java.vm.specification.vendor" value="Oracle Corporation"/>
    <property name="user.variant" value=""/>
    <property name="os.name" value="Windows 8"/>
    <property name="classworlds.conf" value="C:\Program Files\maven\bin\m2.conf"/>
    <property name="sun.jnu.encoding" value="Cp1251"/>
    <property name="java.library.path" value="C:\Program Files\Java\jdk1.8.0_25\bin;C:\Windows\Sun\Java\bin;C:\Windows\system32;C:\Windows;C:\ProgramData\Oracle\Java\javapath;C:\Program Files (x86)\NVIDIA Corporation\PhysX\Common;C:\Windows\system32;C:\Windows;C:\Windows\System32\Wbem;C:\Windows\System32\WindowsPowerShell\v1.0\;C:\Program Files\nodejs\;%M2_HOME%\bin;C:\Program Files (x86)\Git\cmd;C:\Tools;C:\strawberry\c\bin;C:\strawberry\perl\bin;C:\Python27\sqlmap-dev\Python27;C:\Program Files\Microsoft SQL Server\110\Tools\Binn\;C:\Program Files (x86)\Microsoft SQL Server\110\Tools\Binn\;C:\Program Files\Microsoft SQL Server\110\DTS\Binn\;C:\Tools\Selenium;C:\Program Files\TortoiseSVN\bin;C:\Windows\Microsoft.NET\Framework\v2.0.50727;C:\Program Files\Java\jdk1.8.0_25\bin;C:\Users\Lana\AppData\Roaming\npm;C:\Tools;C:\Tools\apache-maven-3.2.1\bin;C:\Python27\sqlmap-dev\Python27;C:\Tools\Selenium;C:\Tools\apache-jmeter-2.11\lib;;."/>
    <property name="java.specification.name" value="Java Platform API Specification"/>
    <property name="java.class.version" value="52.0"/>
    <property name="sun.management.compiler" value="HotSpot 64-Bit Tiered Compilers"/>
    <property name="os.version" value="6.2"/>
    <property name="user.home" value="C:\Users\Lana"/>
    <property name="user.timezone" value="Europe/Moscow"/>
    <property name="java.awt.printerjob" value="sun.awt.windows.WPrinterJob"/>
    <property name="java.specification.version" value="1.8"/>
    <property name="file.encoding" value="Cp1251"/>
    <property name="user.name" value="Lana"/>
    <property name="java.class.path" value="C:\Program Files\maven\boot\plexus-classworlds-2.5.1.jar"/>
    <property name="org.slf4j.simpleLogger.defaultLogLevel" value="info"/>
    <property name="java.vm.specification.version" value="1.8"/>
    <property name="sun.arch.data.model" value="64"/>
    <property name="java.home" value="C:\Program Files\Java\jdk1.8.0_25\jre"/>
    <property name="sun.java.command" value="org.codehaus.plexus.classworlds.launcher.Launcher test"/>
    <property name="java.specification.vendor" value="Oracle Corporation"/>
    <property name="user.language" value="ru"/>
    <property name="awt.toolkit" value="sun.awt.windows.WToolkit"/>
    <property name="java.vm.info" value="mixed mode"/>
    <property name="java.version" value="1.8.0_25"/>
    <property name="java.ext.dirs" value="C:\Program Files\Java\jdk1.8.0_25\jre\lib\ext;C:\Windows\Sun\Java\lib\ext"/>
    <property name="sun.boot.class.path" value="C:\Program Files\Java\jdk1.8.0_25\jre\lib\resources.jar;C:\Program Files\Java\jdk1.8.0_25\jre\lib\rt.jar;C:\Program Files\Java\jdk1.8.0_25\jre\lib\sunrsasign.jar;C:\Program Files\Java\jdk1.8.0_25\jre\lib\jsse.jar;C:\Program Files\Java\jdk1.8.0_25\jre\lib\jce.jar;C:\Program Files\Java\jdk1.8.0_25\jre\lib\charsets.jar;C:\Program Files\Java\jdk1.8.0_25\jre\lib\jfr.jar;C:\Program Files\Java\jdk1.8.0_25\jre\classes"/>
    <property name="sun.stderr.encoding" value="cp866"/>
    <property name="java.vendor" value="Oracle Corporation"/>
    <property name="maven.home" value="C:\Program Files\maven"/>
    <property name="file.separator" value="\"/>
    <property name="java.vendor.url.bug" value="http://bugreport.sun.com/bugreport/"/>
    <property name="sun.cpu.endian" value="little"/>
    <property name="sun.io.unicode.encoding" value="UnicodeLittle"/>
    <property name="sun.stdout.encoding" value="cp866"/>
    <property name="sun.desktop" value="windows"/>
    <property name="sun.cpu.isalist" value="amd64"/>
  </properties>
  <testcase name="testUntitled4" classname="home.JS_error" time="0.148">
    <failure type="java.lang.NullPointerException:">java.lang.NullPointerException: null
	at home.JS_error.testUntitled4(JS_error.java:30)
</failure>
    <system-out><![CDATA[...
... TestNG 6.8.9beta by C?dric Beust (cedric@beust.com)
...

]]></system-out>
  </testcase>
  <testcase name="testUntitled4" classname="about.JS_error" time="0.001">
    <failure type="java.lang.NullPointerException:">java.lang.NullPointerException: null
	at about.JS_error.testUntitled4(JS_error.java:30)
</failure>
  </testcase>
  <testcase name="testUntitled4" classname="clients.JS_error" time="0">
    <failure type="java.lang.NullPointerException:">java.lang.NullPointerException: null
	at clients.JS_error.testUntitled4(JS_error.java:30)
</failure>
  </testcase>
  <testcase name="testUntitled4" classname="services.JS_error" time="0">
    <failure type="java.lang.NullPointerException:">java.lang.NullPointerException: null
	at services.JS_error.testUntitled4(JS_error.java:30)
</failure>
  </testcase>
  <testcase name="testUntitled4" classname="contact.JS_error" time="0">
    <failure type="java.lang.NullPointerException:">java.lang.NullPointerException: null
	at contact.JS_error.testUntitled4(JS_error.java:30)
</failure>
  </testcase>
  <testcase name="testUntitled4" classname="blog.JS_error_blog" time="0">
    <failure type="java.lang.NullPointerException:">java.lang.NullPointerException: null
	at blog.JS_error_blog.testUntitled4(JS_error_blog.java:30)
</failure>
  </testcase>
  <testcase name="testUntitled4" classname="blog.JS_error_post" time="0">
    <failure type="java.lang.NullPointerException:">java.lang.NullPointerException: null
	at blog.JS_error_post.testUntitled4(JS_error_post.java:30)
</failure>
  </testcase>
  <testcase name="testUntitled" classname="home.Newsletter_empty" time="0">
    <failure type="java.lang.NullPointerException:">java.lang.NullPointerException: null
	at home.Newsletter_empty.testUntitled(Newsletter_empty.java:24)
</failure>
  </testcase>
  <testcase name="testUntitled2" classname="home.Newsletter_invalid" time="0">
    <failure type="java.lang.NullPointerException:">java.lang.NullPointerException: null
	at home.Newsletter_invalid.testUntitled2(Newsletter_invalid.java:23)
</failure>
  </testcase>
  <testcase name="testUntitled3" classname="home.Newsletter_valid" time="0">
    <failure type="java.lang.NullPointerException:">java.lang.NullPointerException: null
	at home.Newsletter_valid.testUntitled3(Newsletter_valid.java:23)
</failure>
  </testcase>
  <testcase name="testUntitled4" classname="home.Banner" time="0">
    <failure type="java.lang.NullPointerException:">java.lang.NullPointerException: null
	at home.Banner.testUntitled4(Banner.java:23)
</failure>
  </testcase>
  <testcase name="testUntitled5" classname="about.Tabs" time="0">
    <failure type="java.lang.NullPointerException:">java.lang.NullPointerException: null
	at about.Tabs.testUntitled5(Tabs.java:23)
</failure>
  </testcase>
  <testcase name="testUntitled6" classname="about.Contact_us" time="0">
    <failure type="java.lang.NullPointerException:">java.lang.NullPointerException: null
	at about.Contact_us.testUntitled6(Contact_us.java:23)
</failure>
  </testcase>
  <testcase name="testUntitled8" classname="clients.Details" time="0.016">
    <failure type="java.lang.NullPointerException:">java.lang.NullPointerException: null
	at clients.Details.testUntitled8(Details.java:24)
</failure>
  </testcase>
  <testcase name="testUntitled9" classname="clients.Details_elements" time="0">
    <failure type="java.lang.NullPointerException:">java.lang.NullPointerException: null
	at clients.Details_elements.testUntitled9(Details_elements.java:23)
</failure>
  </testcase>
  <testcase name="testUntitled10" classname="clients.Navigation" time="0">
    <failure type="java.lang.NullPointerException:">java.lang.NullPointerException: null
	at clients.Navigation.testUntitled10(Navigation.java:24)
</failure>
  </testcase>
  <testcase name="testUntitled7" classname="clients.Website" time="0">
    <failure type="java.lang.NullPointerException:">java.lang.NullPointerException: null
	at clients.Website.testUntitled7(Website.java:23)
</failure>
  </testcase>
  <testcase name="testUntitled2" classname="services.Page" time="0">
    <failure type="java.lang.NullPointerException:">java.lang.NullPointerException: null
	at services.Page.testUntitled2(Page.java:23)
</failure>
  </testcase>
  <testcase name="testUntitled3" classname="contact.Form_invalid" time="0">
    <failure type="java.lang.NullPointerException:">java.lang.NullPointerException: null
	at contact.Form_invalid.testUntitled3(Form_invalid.java:23)
</failure>
  </testcase>
  <testcase name="testUntitled4" classname="contact.Form_empty" time="0">
    <failure type="java.lang.NullPointerException:">java.lang.NullPointerException: null
	at contact.Form_empty.testUntitled4(Form_empty.java:23)
</failure>
  </testcase>
  <testcase name="testUntitled6" classname="contact.Form_valid" time="0">
    <failure type="java.lang.NullPointerException:">java.lang.NullPointerException: null
	at contact.Form_valid.testUntitled6(Form_valid.java:44)
</failure>
  </testcase>
  <testcase name="testUntitled6" classname="contact.Contact_email_change" time="0">
    <failure type="java.lang.NullPointerException:">java.lang.NullPointerException: null
	at contact.Contact_email_change.testUntitled6(Contact_email_change.java:38)
</failure>
  </testcase>
  <testcase name="testUntitled" classname="blog.Captcha_empty" time="0.002">
    <failure type="java.lang.NullPointerException:">java.lang.NullPointerException: null
	at blog.Captcha_empty.testUntitled(Captcha_empty.java:23)
</failure>
  </testcase>
  <testcase name="testUntitled2" classname="blog.Captcha_invalid" time="0.001">
    <failure type="java.lang.NullPointerException:">java.lang.NullPointerException: null
	at blog.Captcha_invalid.testUntitled2(Captcha_invalid.java:23)
</failure>
  </testcase>
  <testcase name="testUntitled3" classname="blog.Captcha_disable" time="0">
    <failure type="java.lang.NullPointerException:">java.lang.NullPointerException: null
	at blog.Captcha_disable.testUntitled3(Captcha_disable.java:24)
</failure>
  </testcase>
  <testcase name="testUntitled4" classname="blog.Comment" time="0.001">
    <failure type="java.lang.NullPointerException:">java.lang.NullPointerException: null
	at blog.Comment.testUntitled4(Comment.java:24)
</failure>
  </testcase>
  <testcase name="testUntitled3" classname="blog.Captche_enable" time="0.001">
    <failure type="java.lang.NullPointerException:">java.lang.NullPointerException: null
	at blog.Captche_enable.testUntitled3(Captche_enable.java:24)
</failure>
  </testcase>
  <testcase name="testUntitled" classname="blog.Details_page" time="0">
    <failure type="java.lang.NullPointerException:">java.lang.NullPointerException: null
	at blog.Details_page.testUntitled(Details_page.java:23)
</failure>
  </testcase>
  <testcase name="testUntitled2" classname="blog.Blog_page" time="0">
    <failure type="java.lang.NullPointerException:">java.lang.NullPointerException: null
	at blog.Blog_page.testUntitled2(Blog_page.java:23)
</failure>
  </testcase>
  <testcase name="testUntitled3" classname="blog.Search" time="0.001">
    <failure type="java.lang.NullPointerException:">java.lang.NullPointerException: null
	at blog.Search.testUntitled3(Search.java:23)
</failure>
  </testcase>
</testsuite>