<?xml version="1.0" encoding="UTF-8"?>
<testsuite name="TestSuite" time="182.336" tests="30" errors="0" skipped="0" failures="0">
  <properties>
    <property name="java.runtime.name" value="Java(TM) SE Runtime Environment"/>
    <property name="sun.boot.library.path" value="C:\Program Files\Java\jdk1.7.0_45\jre\bin"/>
    <property name="java.vm.version" value="24.45-b08"/>
    <property name="java.vm.vendor" value="Oracle Corporation"/>
    <property name="java.vendor.url" value="http://java.oracle.com/"/>
    <property name="path.separator" value=";"/>
    <property name="guice.disable.misplaced.annotation.check" value="true"/>
    <property name="java.vm.name" value="Java HotSpot(TM) 64-Bit Server VM"/>
    <property name="file.encoding.pkg" value="sun.io"/>
    <property name="user.script" value=""/>
    <property name="user.country" value="RU"/>
    <property name="sun.java.launcher" value="SUN_STANDARD"/>
    <property name="sun.os.patch.level" value=""/>
    <property name="java.vm.specification.name" value="Java Virtual Machine Specification"/>
    <property name="user.dir" value="C:\temp\turnkeye2\turnkeye2\turnkeye2"/>
    <property name="java.runtime.version" value="1.7.0_45-b18"/>
    <property name="java.awt.graphicsenv" value="sun.awt.Win32GraphicsEnvironment"/>
    <property name="java.endorsed.dirs" value="C:\Program Files\Java\jdk1.7.0_45\jre\lib\endorsed"/>
    <property name="os.arch" value="amd64"/>
    <property name="java.io.tmpdir" value="C:\Users\Lana\AppData\Local\Temp\"/>
    <property name="line.separator" value="&#10;"/>
    <property name="java.vm.specification.vendor" value="Oracle Corporation"/>
    <property name="user.variant" value=""/>
    <property name="os.name" value="Windows 8"/>
    <property name="classworlds.conf" value="C:\Program Files\maven\bin\m2.conf"/>
    <property name="sun.jnu.encoding" value="Cp1251"/>
    <property name="java.library.path" value="C:\Program Files\Java\jdk1.7.0_45\bin;C:\Windows\Sun\Java\bin;C:\Windows\system32;C:\Windows;C:\Windows\system32;C:\Windows;C:\Windows\System32\Wbem;C:\Windows\System32\WindowsPowerShell\v1.0\;C:\Program Files\nodejs\;%M2_HOME%\bin;C:\Program Files (x86)\Git\cmd;C:\Tools;C:\strawberry\c\bin;C:\strawberry\perl\bin;C:\Python27\sqlmap-dev\Python27;C:\Program Files\Microsoft SQL Server\110\Tools\Binn\;C:\Program Files (x86)\Microsoft SQL Server\110\Tools\Binn\;C:\Program Files\Microsoft SQL Server\110\DTS\Binn\;C:\Tools\Selenium;C:\Program Files\TortoiseSVN\bin;C:\Program Files\Java\jdk1.7.0_45\bin;C:\Users\Lana\AppData\Roaming\npm;C:\Tools;C:\Tools\apache-maven-3.2.1\bin;C:\Python27\sqlmap-dev\Python27;C:\Tools\Selenium;C:\Tools\apache-jmeter-2.11\lib;."/>
    <property name="java.specification.name" value="Java Platform API Specification"/>
    <property name="java.class.version" value="51.0"/>
    <property name="sun.management.compiler" value="HotSpot 64-Bit Tiered Compilers"/>
    <property name="os.version" value="6.2"/>
    <property name="user.home" value="C:\Users\Lana"/>
    <property name="user.timezone" value="Europe/Moscow"/>
    <property name="java.awt.printerjob" value="sun.awt.windows.WPrinterJob"/>
    <property name="java.specification.version" value="1.7"/>
    <property name="file.encoding" value="Cp1251"/>
    <property name="user.name" value="Lana"/>
    <property name="java.class.path" value="C:\Program Files\maven\boot\plexus-classworlds-2.5.1.jar"/>
    <property name="org.slf4j.simpleLogger.defaultLogLevel" value="info"/>
    <property name="java.vm.specification.version" value="1.7"/>
    <property name="sun.arch.data.model" value="64"/>
    <property name="java.home" value="C:\Program Files\Java\jdk1.7.0_45\jre"/>
    <property name="sun.java.command" value="org.codehaus.plexus.classworlds.launcher.Launcher test"/>
    <property name="java.specification.vendor" value="Oracle Corporation"/>
    <property name="user.language" value="ru"/>
    <property name="awt.toolkit" value="sun.awt.windows.WToolkit"/>
    <property name="java.vm.info" value="mixed mode"/>
    <property name="java.version" value="1.7.0_45"/>
    <property name="java.ext.dirs" value="C:\Program Files\Java\jdk1.7.0_45\jre\lib\ext;C:\Windows\Sun\Java\lib\ext"/>
    <property name="sun.boot.class.path" value="C:\Program Files\Java\jdk1.7.0_45\jre\lib\resources.jar;C:\Program Files\Java\jdk1.7.0_45\jre\lib\rt.jar;C:\Program Files\Java\jdk1.7.0_45\jre\lib\sunrsasign.jar;C:\Program Files\Java\jdk1.7.0_45\jre\lib\jsse.jar;C:\Program Files\Java\jdk1.7.0_45\jre\lib\jce.jar;C:\Program Files\Java\jdk1.7.0_45\jre\lib\charsets.jar;C:\Program Files\Java\jdk1.7.0_45\jre\lib\jfr.jar;C:\Program Files\Java\jdk1.7.0_45\jre\classes"/>
    <property name="java.vendor" value="Oracle Corporation"/>
    <property name="maven.home" value="C:\Program Files\maven"/>
    <property name="file.separator" value="\"/>
    <property name="java.vendor.url.bug" value="http://bugreport.sun.com/bugreport/"/>
    <property name="sun.cpu.endian" value="little"/>
    <property name="sun.io.unicode.encoding" value="UnicodeLittle"/>
    <property name="sun.desktop" value="windows"/>
    <property name="sun.cpu.isalist" value="amd64"/>
  </properties>
  <testcase name="testUntitled4" classname="home.JS_error" time="9.181"/>
  <testcase name="testUntitled4" classname="about.JS_error" time="1.539"/>
  <testcase name="testUntitled4" classname="clients.JS_error" time="4.328"/>
  <testcase name="testUntitled4" classname="services.JS_error" time="1.855"/>
  <testcase name="testUntitled4" classname="contact.JS_error" time="0.476"/>
  <testcase name="testUntitled4" classname="blog.JS_error_blog" time="2.309"/>
  <testcase name="testUntitled4" classname="blog.JS_error_post" time="1.345"/>
  <testcase name="testUntitled" classname="home.Newsletter_empty" time="0.889"/>
  <testcase name="testUntitled2" classname="home.Newsletter_invalid" time="0.686"/>
  <testcase name="testUntitled3" classname="home.Newsletter_valid" time="1.906"/>
  <testcase name="testUntitled4" classname="home.Banner" time="5.762"/>
  <testcase name="testUntitled5" classname="about.Tabs" time="3.491"/>
  <testcase name="testUntitled6" classname="about.Contact_us" time="1.039"/>
  <testcase name="testUntitled8" classname="clients.Details" time="3.169"/>
  <testcase name="testUntitled9" classname="clients.Details_elements" time="1.801"/>
  <testcase name="testUntitled10" classname="clients.Navigation" time="4.819"/>
  <testcase name="testUntitled7" classname="clients.Website" time="3.533"/>
  <testcase name="testUntitled2" classname="services.Page" time="1.276"/>
  <testcase name="testUntitled3" classname="contact.Form_invalid" time="1.022"/>
  <testcase name="testUntitled4" classname="contact.Form_empty" time="0.574"/>
  <testcase name="testUntitled6" classname="contact.Form_valid" time="35.68"/>
  <testcase name="testUntitled6" classname="contact.Contact_email_change" time="3.834"/>
  <testcase name="testUntitled" classname="blog.Captcha_empty" time="10.82"/>
  <testcase name="testUntitled2" classname="blog.Captcha_invalid" time="13.52"/>
  <testcase name="testUntitled3" classname="blog.Captcha_disable" time="14.903"/>
  <testcase name="testUntitled4" classname="blog.Comment" time="30.627"/>
  <testcase name="testUntitled3" classname="blog.Captche_enable" time="14.046"/>
  <testcase name="testUntitled" classname="blog.Details_page" time="3.922"/>
  <testcase name="testUntitled2" classname="blog.Blog_page" time="1.867"/>
  <testcase name="testUntitled3" classname="blog.Search" time="2.117"/>
</testsuite>