<?xml version="1.0" encoding="UTF-8"?>
<!-- Generated by org.testng.reporters.JUnitReportReporter -->
<testsuite hostname="PS-SBARANOVA" name="contact.Form_invalid" tests="1" failures="0" timestamp="8 Jul 2015 08:29:46 GMT" time="1.366" errors="0">
  <testcase name="testUntitled3" time="1.366" classname="contact.Form_invalid"/>
</testsuite> <!-- contact.Form_invalid -->
