<?xml version="1.0" encoding="UTF-8"?>
<!-- Generated by org.testng.reporters.JUnitReportReporter -->
<testsuite hostname="PC-SBARANOVA" name="blog.Search" tests="1" failures="0" timestamp="18 Mar 2015 11:53:47 GMT" time="14.585" errors="0">
  <testcase name="testUntitled3" time="14.585" classname="blog.Search"/>
</testsuite> <!-- blog.Search -->
