<?xml version="1.0" encoding="UTF-8"?>
<!-- Generated by org.testng.reporters.JUnitReportReporter -->
<testsuite hostname="PC-SBARANOVA" name="blog.Comment" tests="1" failures="0" timestamp="17 Mar 2015 09:59:53 GMT" time="41.675" errors="0">
  <testcase name="testUntitled4" time="41.675" classname="blog.Comment"/>
</testsuite> <!-- blog.Comment -->
