<?xml version="1.0" encoding="UTF-8"?>
<!-- Generated by org.testng.reporters.JUnitReportReporter -->
<testsuite hostname="PC-SBARANOVA" name="services.Page" tests="1" failures="0" timestamp="18 Mar 2015 11:38:23 GMT" time="3.017" errors="0">
  <testcase name="testUntitled2" time="3.017" classname="services.Page"/>
</testsuite> <!-- services.Page -->
