<?xml version="1.0" encoding="UTF-8"?>
<!-- Generated by org.testng.reporters.JUnitReportReporter -->
<testsuite hostname="PS-SBARANOVA" name="blog.Search" tests="1" failures="0" timestamp="8 Jul 2015 08:29:46 GMT" time="6.621" errors="0">
  <testcase name="testUntitled3" time="6.621" classname="blog.Search"/>
</testsuite> <!-- blog.Search -->
