<?xml version="1.0" encoding="UTF-8"?>
<!-- Generated by org.testng.reporters.JUnitReportReporter -->
<testsuite hostname="Lana-laptop" name="blog.Details_page" tests="1" failures="0" timestamp="11 Aug 2014 05:57:44 GMT" time="3.922" errors="0">
  <testcase name="testUntitled" time="3.922" classname="blog.Details_page"/>
</testsuite> <!-- blog.Details_page -->
