<?xml version="1.0" encoding="UTF-8"?>
<!-- Generated by org.testng.reporters.JUnitReportReporter -->
<testsuite hostname="Lana-laptop" name="blog.Captcha_empty" tests="1" failures="0" timestamp="11 Aug 2014 05:57:44 GMT" time="10.820" errors="0">
  <testcase name="testUntitled" time="10.820" classname="blog.Captcha_empty"/>
</testsuite> <!-- blog.Captcha_empty -->
