<?xml version="1.0" encoding="UTF-8"?>
<!-- Generated by org.testng.reporters.JUnitReportReporter -->
<testsuite hostname="Lana-laptop" name="about.Tabs" tests="1" failures="0" timestamp="11 Aug 2014 05:57:44 GMT" time="3.492" errors="0">
  <testcase name="testUntitled5" time="3.492" classname="about.Tabs"/>
</testsuite> <!-- about.Tabs -->
