<?xml version="1.0" encoding="UTF-8"?>
<!-- Generated by org.testng.reporters.JUnitReportReporter -->
<testsuite hostname="PC-SBARANOVA" name="contact.Contact_email_change" tests="1" failures="0" timestamp="18 Mar 2015 11:53:47 GMT" time="25.066" errors="0">
  <testcase name="testUntitled6" time="25.066" classname="contact.Contact_email_change"/>
</testsuite> <!-- contact.Contact_email_change -->
