<?xml version="1.0" encoding="UTF-8"?>
<!-- Generated by org.testng.reporters.JUnitReportReporter -->
<testsuite hostname="PC-SBARANOVA" name="blog.Blog_page" tests="1" failures="0" timestamp="20 Jan 2015 11:18:13 GMT" time="7.058" errors="0">
  <testcase name="testUntitled2" time="7.058" classname="blog.Blog_page"/>
</testsuite> <!-- blog.Blog_page -->
