<?xml version="1.0" encoding="UTF-8"?>
<!-- Generated by org.testng.reporters.JUnitReportReporter -->
<testsuite hostname="PC-SBARANOVA" name="blog.Details_page" tests="1" failures="0" timestamp="17 Mar 2015 09:59:53 GMT" time="5.826" errors="0">
  <testcase name="testUntitled" time="5.826" classname="blog.Details_page"/>
</testsuite> <!-- blog.Details_page -->
