<?xml version="1.0" encoding="UTF-8"?>
<!-- Generated by org.testng.reporters.JUnitReportReporter -->
<testsuite hostname="Lana-laptop" name="clients.Details" tests="1" failures="0" timestamp="9 Aug 2014 10:00:29 GMT" time="1.939" errors="0">
  <testcase name="testUntitled8" time="1.939" classname="clients.Details"/>
</testsuite> <!-- clients.Details -->
