<?xml version="1.0" encoding="UTF-8"?>
<!-- Generated by org.testng.reporters.JUnitReportReporter -->
<testsuite hostname="Lana_Voit" name="blog.JS_error_post" tests="1" failures="0" timestamp="10 Apr 2016 13:51:37 GMT" time="6.133" errors="0">
  <testcase name="testUntitled4" time="6.133" classname="blog.JS_error_post"/>
</testsuite> <!-- blog.JS_error_post -->
