<?xml version="1.0" encoding="UTF-8"?>
<!-- Generated by org.testng.reporters.JUnitReportReporter -->
<testsuite hostname="PC-SBARANOVA" name="contact.JS_error" tests="1" failures="0" timestamp="17 Mar 2015 09:59:53 GMT" time="0.853" errors="0">
  <testcase name="testUntitled4" time="0.853" classname="contact.JS_error"/>
</testsuite> <!-- contact.JS_error -->
