<?xml version="1.0" encoding="UTF-8"?>
<!-- Generated by org.testng.reporters.JUnitReportReporter -->
<testsuite hostname="PC-SBARANOVA" name="blog.Comment" tests="1" failures="0" timestamp="18 Mar 2015 11:38:23 GMT" time="52.979" errors="0">
  <testcase name="testUntitled4" time="52.979" classname="blog.Comment"/>
</testsuite> <!-- blog.Comment -->
