<?xml version="1.0" encoding="UTF-8"?>
<!-- Generated by org.testng.reporters.JUnitReportReporter -->
<testsuite hostname="PC-SBARANOVA" name="contact.Form_empty" tests="1" failures="0" timestamp="17 Mar 2015 07:33:21 GMT" time="0.786" errors="0">
  <testcase name="testUntitled4" time="0.786" classname="contact.Form_empty"/>
</testsuite> <!-- contact.Form_empty -->
