<?xml version="1.0" encoding="UTF-8"?>
<!-- Generated by org.testng.reporters.JUnitReportReporter -->
<testsuite hostname="PC-SBARANOVA" name="clients.Website" tests="1" failures="0" timestamp="18 Mar 2015 11:53:47 GMT" time="9.043" errors="0">
  <testcase name="testUntitled7" time="9.043" classname="clients.Website"/>
</testsuite> <!-- clients.Website -->
