<?xml version="1.0" encoding="UTF-8"?>
<!-- Generated by org.testng.reporters.JUnitReportReporter -->
<testsuite hostname="Lana-laptop" name="blog.Blog_page" tests="1" failures="0" timestamp="14 Aug 2014 06:26:33 GMT" time="1.680" errors="0">
  <testcase name="testUntitled2" time="1.680" classname="blog.Blog_page"/>
</testsuite> <!-- blog.Blog_page -->
