<?xml version="1.0" encoding="UTF-8"?>
<!-- Generated by org.testng.reporters.JUnitReportReporter -->
<testsuite hostname="PC-SBARANOVA" name="contact.Form_empty" tests="1" failures="0" timestamp="18 Mar 2015 11:38:23 GMT" time="3.213" errors="0">
  <testcase name="testUntitled4" time="3.213" classname="contact.Form_empty"/>
</testsuite> <!-- contact.Form_empty -->
