<?xml version="1.0" encoding="UTF-8"?>
<!-- Generated by org.testng.reporters.JUnitReportReporter -->
<testsuite hostname="Lana-laptop" name="blog.JS_error_blog" tests="1" failures="0" timestamp="11 Aug 2014 05:57:44 GMT" time="2.309" errors="0">
  <testcase name="testUntitled4" time="2.309" classname="blog.JS_error_blog"/>
</testsuite> <!-- blog.JS_error_blog -->
