<?xml version="1.0" encoding="UTF-8"?>
<!-- Generated by org.testng.reporters.JUnitReportReporter -->
<testsuite hostname="Lana-laptop" name="home.JS_error" tests="1" failures="0" timestamp="11 Aug 2014 05:57:44 GMT" time="9.182" errors="0">
  <testcase name="testUntitled4" time="9.182" classname="home.JS_error"/>
</testsuite> <!-- home.JS_error -->
