<?xml version="1.0" encoding="UTF-8"?>
<!-- Generated by org.testng.reporters.JUnitReportReporter -->
<testsuite hostname="PC-SBARANOVA" name="contact.Contact_email_change" tests="1" failures="0" timestamp="17 Mar 2015 07:44:11 GMT" time="16.014" errors="0">
  <testcase name="testUntitled6" time="16.014" classname="contact.Contact_email_change"/>
</testsuite> <!-- contact.Contact_email_change -->
