<?xml version="1.0" encoding="UTF-8"?>
<!-- Generated by org.testng.reporters.JUnitReportReporter -->
<testsuite hostname="Lana-laptop" name="clients.JS_error" tests="1" failures="0" timestamp="14 Aug 2014 06:26:33 GMT" time="9.715" errors="0">
  <testcase name="testUntitled4" time="9.715" classname="clients.JS_error"/>
</testsuite> <!-- clients.JS_error -->
