<?xml version="1.0" encoding="UTF-8"?>
<!-- Generated by org.testng.reporters.JUnitReportReporter -->
<testsuite hostname="PS-SBARANOVA" name="blog.Captcha_empty" tests="1" failures="0" timestamp="8 Jul 2015 08:29:46 GMT" time="10.880" errors="0">
  <testcase name="testUntitled" time="10.880" classname="blog.Captcha_empty"/>
</testsuite> <!-- blog.Captcha_empty -->
