<?xml version="1.0" encoding="UTF-8"?>
<!-- Generated by org.testng.reporters.JUnitReportReporter -->
<testsuite hostname="Lana_Voit" name="blog.Comment" tests="1" failures="0" timestamp="10 Apr 2016 13:51:37 GMT" time="72.952" errors="0">
  <testcase name="testUntitled4" time="72.952" classname="blog.Comment"/>
</testsuite> <!-- blog.Comment -->
