<?xml version="1.0" encoding="UTF-8"?>
<!-- Generated by org.testng.reporters.JUnitReportReporter -->
<testsuite hostname="PC-SBARANOVA" name="about.Tabs" tests="1" failures="0" timestamp="17 Mar 2015 09:59:53 GMT" time="2.622" errors="0">
  <testcase name="testUntitled5" time="2.622" classname="about.Tabs"/>
</testsuite> <!-- about.Tabs -->
