<?xml version="1.0" encoding="UTF-8"?>
<!-- Generated by org.testng.reporters.JUnitReportReporter -->
<testsuite hostname="PC-SBARANOVA" name="home.Newsletter_empty" tests="1" failures="0" timestamp="20 Jan 2015 11:18:13 GMT" time="8.966" errors="0">
  <testcase name="testUntitled" time="8.966" classname="home.Newsletter_empty"/>
</testsuite> <!-- home.Newsletter_empty -->
