<?xml version="1.0" encoding="UTF-8"?>
<!-- Generated by org.testng.reporters.JUnitReportReporter -->
<testsuite hostname="Lana-laptop" name="contact.Form_valid" tests="1" failures="0" timestamp="14 Aug 2014 06:26:33 GMT" time="36.096" errors="0">
  <testcase name="testUntitled6" time="36.096" classname="contact.Form_valid"/>
</testsuite> <!-- contact.Form_valid -->
