<?xml version="1.0" encoding="UTF-8"?>
<!-- Generated by org.testng.reporters.JUnitReportReporter -->
<testsuite hostname="Lana-laptop" name="contact.Form_valid" tests="1" failures="0" timestamp="9 Aug 2014 10:00:29 GMT" time="31.918" errors="0">
  <testcase name="testUntitled6" time="31.918" classname="contact.Form_valid"/>
</testsuite> <!-- contact.Form_valid -->
