<?xml version="1.0" encoding="UTF-8"?>
<!-- Generated by org.testng.reporters.JUnitReportReporter -->
<testsuite hostname="PS-SBARANOVA" name="clients.Details" tests="1" failures="0" timestamp="8 Jul 2015 08:29:46 GMT" time="37.457" errors="0">
  <testcase name="testUntitled8" time="37.457" classname="clients.Details"/>
</testsuite> <!-- clients.Details -->
