<?xml version="1.0" encoding="UTF-8"?>
<!-- Generated by org.testng.reporters.JUnitReportReporter -->
<testsuite hostname="Lana_Voit" name="services.Page" tests="1" failures="0" timestamp="10 Apr 2016 13:51:37 GMT" time="1.286" errors="0">
  <testcase name="testUntitled2" time="1.286" classname="services.Page"/>
</testsuite> <!-- services.Page -->
