<?xml version="1.0" encoding="UTF-8"?>
<!-- Generated by org.testng.reporters.JUnitReportReporter -->
<testsuite hostname="Lana_Voit" name="about.Tabs" tests="1" failures="0" timestamp="10 Apr 2016 13:51:37 GMT" time="11.204" errors="0">
  <testcase name="testUntitled5" time="11.204" classname="about.Tabs"/>
</testsuite> <!-- about.Tabs -->
