<?xml version="1.0" encoding="UTF-8"?>
<!-- Generated by org.testng.reporters.JUnitReportReporter -->
<testsuite hostname="PC-SBARANOVA" name="contact.Form_valid" tests="1" failures="0" timestamp="20 Jan 2015 11:18:13 GMT" time="40.511" errors="0">
  <testcase name="testUntitled6" time="40.511" classname="contact.Form_valid"/>
</testsuite> <!-- contact.Form_valid -->
