<?xml version="1.0" encoding="UTF-8"?>
<!-- Generated by org.testng.reporters.JUnitReportReporter -->
<testsuite hostname="PC-SBARANOVA" name="home.Newsletter_invalid" tests="1" failures="0" timestamp="18 Mar 2015 11:38:23 GMT" time="4.064" errors="0">
  <testcase name="testUntitled2" time="4.064" classname="home.Newsletter_invalid"/>
</testsuite> <!-- home.Newsletter_invalid -->
