<?xml version="1.0" encoding="UTF-8"?>
<!-- Generated by org.testng.reporters.JUnitReportReporter -->
<testsuite hostname="Lana-laptop" name="contact.Form_invalid" tests="1" failures="0" timestamp="9 Aug 2014 10:00:29 GMT" time="1.900" errors="0">
  <testcase name="testUntitled3" time="1.900" classname="contact.Form_invalid"/>
</testsuite> <!-- contact.Form_invalid -->
