<?xml version="1.0" encoding="UTF-8"?>
<!-- Generated by org.testng.reporters.JUnitReportReporter -->
<testsuite hostname="PC-SBARANOVA" name="services.Page" tests="1" failures="0" timestamp="20 Jan 2015 11:18:13 GMT" time="1.290" errors="0">
  <testcase name="testUntitled2" time="1.290" classname="services.Page"/>
</testsuite> <!-- services.Page -->
