<?xml version="1.0" encoding="UTF-8"?>
<!-- Generated by org.testng.reporters.JUnitReportReporter -->
<testsuite hostname="PC-SBARANOVA" name="blog.Search" tests="1" failures="0" timestamp="18 Mar 2015 11:38:23 GMT" time="11.348" errors="0">
  <testcase name="testUntitled3" time="11.348" classname="blog.Search"/>
</testsuite> <!-- blog.Search -->
