<?xml version="1.0" encoding="UTF-8"?>
<!-- Generated by org.testng.reporters.JUnitReportReporter -->
<testsuite hostname="PC-SBARANOVA" name="clients.Details" tests="1" failures="0" timestamp="17 Mar 2015 09:59:53 GMT" time="53.558" errors="0">
  <testcase name="testUntitled8" time="53.558" classname="clients.Details"/>
</testsuite> <!-- clients.Details -->
