<?xml version="1.0" encoding="UTF-8"?>
<!-- Generated by org.testng.reporters.JUnitReportReporter -->
<testsuite hostname="PC-SBARANOVA" name="clients.Website" tests="1" failures="0" timestamp="17 Mar 2015 09:59:53 GMT" time="2.560" errors="0">
  <testcase name="testUntitled7" time="2.560" classname="clients.Website"/>
</testsuite> <!-- clients.Website -->
