<?xml version="1.0" encoding="UTF-8"?>
<!-- Generated by org.testng.reporters.JUnitReportReporter -->
<testsuite hostname="Lana-laptop" name="home.Banner" tests="1" failures="0" timestamp="11 Aug 2014 05:57:44 GMT" time="5.763" errors="0">
  <testcase name="testUntitled4" time="5.763" classname="home.Banner"/>
</testsuite> <!-- home.Banner -->
