<?xml version="1.0" encoding="UTF-8"?>
<!-- Generated by org.testng.reporters.JUnitReportReporter -->
<testsuite hostname="PS-SBARANOVA" name="contact.Form_empty" tests="1" failures="0" timestamp="8 Jul 2015 08:29:46 GMT" time="0.849" errors="0">
  <testcase name="testUntitled4" time="0.849" classname="contact.Form_empty"/>
</testsuite> <!-- contact.Form_empty -->
