<?xml version="1.0" encoding="UTF-8"?>
<!-- Generated by org.testng.reporters.JUnitReportReporter -->
<testsuite hostname="PC-SBARANOVA" name="blog.Comment" tests="1" failures="0" timestamp="17 Mar 2015 07:44:11 GMT" time="36.805" errors="0">
  <testcase name="testUntitled4" time="36.805" classname="blog.Comment"/>
</testsuite> <!-- blog.Comment -->
