<?xml version="1.0" encoding="UTF-8"?>
<!-- Generated by org.testng.reporters.JUnitReportReporter -->
<testsuite hostname="PC-SBARANOVA" name="clients.Navigation" tests="1" failures="0" timestamp="20 Jan 2015 11:18:13 GMT" time="8.009" errors="0">
  <testcase name="testUntitled10" time="8.009" classname="clients.Navigation"/>
</testsuite> <!-- clients.Navigation -->
