<?xml version="1.0" encoding="UTF-8"?>
<!-- Generated by org.testng.reporters.JUnitReportReporter -->
<testsuite hostname="PC-SBARANOVA" name="contact.JS_error" tests="1" failures="0" timestamp="17 Mar 2015 07:33:21 GMT" time="2.721" errors="0">
  <testcase name="testUntitled4" time="2.721" classname="contact.JS_error"/>
</testsuite> <!-- contact.JS_error -->
