<?xml version="1.0" encoding="UTF-8"?>
<!-- Generated by org.testng.reporters.JUnitReportReporter -->
<testsuite hostname="PC-SBARANOVA" name="blog.JS_error_post" tests="1" failures="0" timestamp="20 Jan 2015 11:18:13 GMT" time="0.739" errors="0">
  <testcase name="testUntitled4" time="0.739" classname="blog.JS_error_post"/>
</testsuite> <!-- blog.JS_error_post -->
