<?xml version="1.0" encoding="UTF-8"?>
<!-- Generated by org.testng.reporters.JUnitReportReporter -->
<testsuite hostname="Lana_Voit" name="services.JS_error_services" tests="1" failures="0" timestamp="10 Apr 2016 13:51:37 GMT" time="5.742" errors="0">
  <testcase name="testUntitled4" time="5.742" classname="services.JS_error_services"/>
</testsuite> <!-- services.JS_error_services -->
