<?xml version="1.0" encoding="UTF-8"?>
<!-- Generated by org.testng.reporters.JUnitReportReporter -->
<testsuite hostname="Lana_Voit" name="blog.Search" tests="1" failures="0" timestamp="10 Apr 2016 13:51:37 GMT" time="10.993" errors="0">
  <testcase name="testUntitled3" time="10.993" classname="blog.Search"/>
</testsuite> <!-- blog.Search -->
