<?xml version="1.0" encoding="UTF-8"?>
<!-- Generated by org.testng.reporters.JUnitReportReporter -->
<testsuite hostname="PC-SBARANOVA" name="blog.Captcha_invalid" tests="1" failures="0" timestamp="18 Mar 2015 11:38:23 GMT" time="20.989" errors="0">
  <testcase name="testUntitled2" time="20.989" classname="blog.Captcha_invalid"/>
</testsuite> <!-- blog.Captcha_invalid -->
