<?xml version="1.0" encoding="UTF-8"?>
<!-- Generated by org.testng.reporters.JUnitReportReporter -->
<testsuite hostname="PC-SBARANOVA" name="home.Newsletter_empty" tests="1" failures="0" timestamp="17 Mar 2015 07:33:21 GMT" time="13.680" errors="0">
  <testcase name="testUntitled" time="13.680" classname="home.Newsletter_empty"/>
</testsuite> <!-- home.Newsletter_empty -->
