<?xml version="1.0" encoding="UTF-8"?>
<!-- Generated by org.testng.reporters.JUnitReportReporter -->
<testsuite hostname="Lana-laptop" name="blog.Captcha_disable" tests="1" failures="0" timestamp="9 Aug 2014 10:00:29 GMT" time="13.916" errors="0">
  <testcase name="testUntitled3" time="13.916" classname="blog.Captcha_disable"/>
</testsuite> <!-- blog.Captcha_disable -->
