<?xml version="1.0" encoding="UTF-8"?>
<!-- Generated by org.testng.reporters.JUnitReportReporter -->
<testsuite hostname="Lana_Voit" name="blog.Captcha_empty" tests="1" failures="0" timestamp="10 Apr 2016 13:51:37 GMT" time="13.722" errors="0">
  <testcase name="testUntitled" time="13.722" classname="blog.Captcha_empty"/>
</testsuite> <!-- blog.Captcha_empty -->
