<?xml version="1.0" encoding="UTF-8"?>
<!-- Generated by org.testng.reporters.JUnitReportReporter -->
<testsuite hostname="Lana_Voit" name="home.Newsletter_invalid" tests="1" failures="0" timestamp="10 Apr 2016 13:51:37 GMT" time="5.899" errors="0">
  <testcase name="testUntitled2" time="5.899" classname="home.Newsletter_invalid"/>
</testsuite> <!-- home.Newsletter_invalid -->
