<?xml version="1.0" encoding="UTF-8"?>
<!-- Generated by org.testng.reporters.JUnitReportReporter -->
<testsuite hostname="Lana-laptop" name="contact.Form_valid" tests="1" failures="0" timestamp="11 Aug 2014 05:57:44 GMT" time="35.681" errors="0">
  <testcase name="testUntitled6" time="35.681" classname="contact.Form_valid"/>
</testsuite> <!-- contact.Form_valid -->
