<?xml version="1.0" encoding="UTF-8"?>
<!-- Generated by org.testng.reporters.JUnitReportReporter -->
<testsuite hostname="PC-SBARANOVA" name="about.Contact_us" tests="1" failures="0" timestamp="20 Jan 2015 11:18:13 GMT" time="1.011" errors="0">
  <testcase name="testUntitled6" time="1.011" classname="about.Contact_us"/>
</testsuite> <!-- about.Contact_us -->
