<?xml version="1.0" encoding="UTF-8"?>
<!-- Generated by org.testng.reporters.JUnitReportReporter -->
<testsuite hostname="PC-SBARANOVA" name="blog.Captcha_invalid" tests="1" failures="0" timestamp="17 Mar 2015 09:59:53 GMT" time="16.355" errors="0">
  <testcase name="testUntitled2" time="16.355" classname="blog.Captcha_invalid"/>
</testsuite> <!-- blog.Captcha_invalid -->
