<?xml version="1.0" encoding="UTF-8"?>
<!-- Generated by org.testng.reporters.JUnitReportReporter -->
<testsuite hostname="Lana-laptop" name="blog.Captcha_empty" tests="1" failures="0" timestamp="9 Aug 2014 10:00:29 GMT" time="9.264" errors="0">
  <testcase name="testUntitled" time="9.264" classname="blog.Captcha_empty"/>
</testsuite> <!-- blog.Captcha_empty -->
