<?xml version="1.0" encoding="UTF-8"?>
<!-- Generated by org.testng.reporters.JUnitReportReporter -->
<testsuite hostname="PC-SBARANOVA" name="contact.Form_invalid" tests="1" failures="0" timestamp="18 Mar 2015 11:38:23 GMT" time="4.580" errors="0">
  <testcase name="testUntitled3" time="4.580" classname="contact.Form_invalid"/>
</testsuite> <!-- contact.Form_invalid -->
