<?xml version="1.0" encoding="UTF-8"?>
<!-- Generated by org.testng.reporters.JUnitReportReporter -->
<testsuite hostname="Lana-laptop" name="home.Banner" tests="1" failures="0" timestamp="14 Aug 2014 06:26:33 GMT" time="5.779" errors="0">
  <testcase name="testUntitled4" time="5.779" classname="home.Banner"/>
</testsuite> <!-- home.Banner -->
