<?xml version="1.0" encoding="UTF-8"?>
<!-- Generated by org.testng.reporters.JUnitReportReporter -->
<testsuite hostname="Lana-laptop" name="services.JS_error" tests="1" failures="0" timestamp="14 Aug 2014 06:26:33 GMT" time="7.336" errors="0">
  <testcase name="testUntitled4" time="7.336" classname="services.JS_error"/>
</testsuite> <!-- services.JS_error -->
