<?xml version="1.0" encoding="UTF-8"?>
<!-- Generated by org.testng.reporters.JUnitReportReporter -->
<testsuite hostname="PS-SBARANOVA" name="blog.Captcha_disable" tests="1" failures="0" timestamp="8 Jul 2015 08:29:46 GMT" time="13.442" errors="0">
  <testcase name="testUntitled3" time="13.442" classname="blog.Captcha_disable"/>
</testsuite> <!-- blog.Captcha_disable -->
