<?xml version="1.0" encoding="UTF-8"?>
<!-- Generated by org.testng.reporters.JUnitReportReporter -->
<testsuite hostname="Lana-laptop" name="clients.Navigation" tests="1" failures="0" timestamp="9 Aug 2014 10:00:29 GMT" time="3.224" errors="0">
  <testcase name="testUntitled10" time="3.224" classname="clients.Navigation"/>
</testsuite> <!-- clients.Navigation -->
