<?xml version="1.0" encoding="UTF-8"?>
<!-- Generated by org.testng.reporters.JUnitReportReporter -->
<testsuite hostname="Lana_Voit" name="contact.Form_valid" tests="1" failures="0" timestamp="10 Apr 2016 13:51:37 GMT" time="47.852" errors="0">
  <testcase name="testUntitled6" time="47.852" classname="contact.Form_valid"/>
</testsuite> <!-- contact.Form_valid -->
