<?xml version="1.0" encoding="UTF-8"?>
<!-- Generated by org.testng.reporters.JUnitReportReporter -->
<testsuite hostname="PC-SBARANOVA" name="home.Newsletter_empty" tests="1" failures="0" timestamp="17 Mar 2015 07:44:11 GMT" time="11.475" errors="0">
  <testcase name="testUntitled" time="11.475" classname="home.Newsletter_empty"/>
</testsuite> <!-- home.Newsletter_empty -->
