<?xml version="1.0" encoding="UTF-8"?>
<!-- Generated by org.testng.reporters.JUnitReportReporter -->
<testsuite hostname="PC-SBARANOVA" name="blog.Search" tests="1" failures="0" timestamp="17 Mar 2015 07:44:11 GMT" time="6.437" errors="0">
  <testcase name="testUntitled3" time="6.437" classname="blog.Search"/>
</testsuite> <!-- blog.Search -->
