<?xml version="1.0" encoding="UTF-8"?>
<!-- Generated by org.testng.reporters.JUnitReportReporter -->
<testsuite hostname="PS-SBARANOVA" name="home.Newsletter_empty" tests="1" failures="0" timestamp="8 Jul 2015 08:29:46 GMT" time="8.667" errors="0">
  <testcase name="testUntitled" time="8.667" classname="home.Newsletter_empty"/>
</testsuite> <!-- home.Newsletter_empty -->
