<?xml version="1.0" encoding="UTF-8"?>
<!-- Generated by org.testng.reporters.JUnitReportReporter -->
<testsuite hostname="Lana-laptop" name="blog.Captcha_empty" tests="1" failures="0" timestamp="14 Aug 2014 06:26:33 GMT" time="8.880" errors="0">
  <testcase name="testUntitled" time="8.880" classname="blog.Captcha_empty"/>
</testsuite> <!-- blog.Captcha_empty -->
