<?xml version="1.0" encoding="UTF-8"?>
<!-- Generated by org.testng.reporters.JUnitReportReporter -->
<testsuite hostname="PC-SBARANOVA" name="blog.Captche_enable" tests="1" failures="0" timestamp="17 Mar 2015 07:44:11 GMT" time="13.197" errors="0">
  <testcase name="testUntitled3" time="13.197" classname="blog.Captche_enable"/>
</testsuite> <!-- blog.Captche_enable -->
