<?xml version="1.0" encoding="UTF-8"?>
<!-- Generated by org.testng.reporters.JUnitReportReporter -->
<testsuite hostname="Lana_Voit" name="home.JS_error_home" tests="1" failures="0" timestamp="10 Apr 2016 15:05:52 GMT" time="20.825" errors="0">
  <testcase name="testUntitled4" time="20.825" classname="home.JS_error_home"/>
</testsuite> <!-- home.JS_error_home -->
