<?xml version="1.0" encoding="UTF-8"?>
<!-- Generated by org.testng.reporters.JUnitReportReporter -->
<testsuite hostname="Lana_Voit" name="clients.Navigation" tests="1" failures="0" timestamp="10 Apr 2016 13:51:37 GMT" time="28.094" errors="0">
  <testcase name="testUntitled10" time="28.094" classname="clients.Navigation"/>
</testsuite> <!-- clients.Navigation -->
