<?xml version="1.0" encoding="UTF-8"?>
<!-- Generated by org.testng.reporters.JUnitReportReporter -->
<testsuite hostname="Lana-laptop" name="contact.Contact_email_change" tests="1" failures="0" timestamp="11 Aug 2014 05:57:44 GMT" time="3.834" errors="0">
  <testcase name="testUntitled6" time="3.834" classname="contact.Contact_email_change"/>
</testsuite> <!-- contact.Contact_email_change -->
