<?xml version="1.0" encoding="UTF-8"?>
<!-- Generated by org.testng.reporters.JUnitReportReporter -->
<testsuite hostname="Lana-laptop" name="blog.Captcha_disable" tests="1" failures="0" timestamp="11 Aug 2014 05:57:44 GMT" time="14.903" errors="0">
  <testcase name="testUntitled3" time="14.903" classname="blog.Captcha_disable"/>
</testsuite> <!-- blog.Captcha_disable -->
