<?xml version="1.0" encoding="UTF-8"?>
<!-- Generated by org.testng.reporters.JUnitReportReporter -->
<testsuite hostname="Lana-laptop" name="about.JS_error" tests="1" failures="0" timestamp="9 Aug 2014 10:00:29 GMT" time="1.029" errors="0">
  <testcase name="testUntitled4" time="1.029" classname="about.JS_error"/>
</testsuite> <!-- about.JS_error -->
