<?xml version="1.0" encoding="UTF-8"?>
<!-- Generated by org.testng.reporters.JUnitReportReporter -->
<testsuite hostname="PC-SBARANOVA" name="home.JS_error" tests="1" failures="0" timestamp="17 Mar 2015 07:26:52 GMT" time="7.273" errors="0">
  <testcase name="testUntitled4" time="7.273" classname="home.JS_error"/>
</testsuite> <!-- home.JS_error -->
