<?xml version="1.0" encoding="UTF-8"?>
<!-- Generated by org.testng.reporters.JUnitReportReporter -->
<testsuite hostname="PC-SBARANOVA" name="home.Newsletter_valid" tests="1" failures="0" timestamp="20 Jan 2015 11:18:13 GMT" time="1.825" errors="0">
  <testcase name="testUntitled3" time="1.825" classname="home.Newsletter_valid"/>
</testsuite> <!-- home.Newsletter_valid -->
