<?xml version="1.0" encoding="UTF-8"?>
<!-- Generated by org.testng.reporters.JUnitReportReporter -->
<testsuite hostname="PC-SBARANOVA" name="clients.Details_elements" tests="1" failures="0" timestamp="20 Jan 2015 11:18:13 GMT" time="4.482" errors="0">
  <testcase name="testUntitled9" time="4.482" classname="clients.Details_elements"/>
</testsuite> <!-- clients.Details_elements -->
