<?xml version="1.0" encoding="UTF-8"?>
<!-- Generated by org.testng.reporters.JUnitReportReporter -->
<testsuite hostname="Lana-laptop" name="blog.Captcha_disable" tests="1" failures="0" timestamp="14 Aug 2014 06:26:33 GMT" time="14.467" errors="0">
  <testcase name="testUntitled3" time="14.467" classname="blog.Captcha_disable"/>
</testsuite> <!-- blog.Captcha_disable -->
