<?xml version="1.0" encoding="UTF-8"?>
<!-- Generated by org.testng.reporters.JUnitReportReporter -->
<testsuite hostname="PC-SBARANOVA" name="services.Page" tests="1" failures="0" timestamp="17 Mar 2015 07:33:21 GMT" time="0.959" errors="0">
  <testcase name="testUntitled2" time="0.959" classname="services.Page"/>
</testsuite> <!-- services.Page -->
