<?xml version="1.0" encoding="UTF-8"?>
<!-- Generated by org.testng.reporters.JUnitReportReporter -->
<testsuite hostname="PC-SBARANOVA" name="blog.Blog_page" tests="1" failures="0" timestamp="18 Mar 2015 11:53:47 GMT" time="14.068" errors="0">
  <testcase name="testUntitled2" time="14.068" classname="blog.Blog_page"/>
</testsuite> <!-- blog.Blog_page -->
