<?xml version="1.0" encoding="UTF-8"?>
<!-- Generated by org.testng.reporters.JUnitReportReporter -->
<testsuite hostname="Lana-laptop" name="home.Newsletter_valid" tests="1" failures="0" timestamp="9 Aug 2014 10:00:29 GMT" time="1.758" errors="0">
  <testcase name="testUntitled3" time="1.758" classname="home.Newsletter_valid"/>
</testsuite> <!-- home.Newsletter_valid -->
