<?xml version="1.0" encoding="UTF-8"?>
<!-- Generated by org.testng.reporters.JUnitReportReporter -->
<testsuite hostname="PC-SBARANOVA" name="about.JS_error" tests="1" failures="0" timestamp="18 Mar 2015 11:53:47 GMT" time="6.712" errors="0">
  <testcase name="testUntitled4" time="6.712" classname="about.JS_error"/>
</testsuite> <!-- about.JS_error -->
