<?xml version="1.0" encoding="UTF-8"?>
<!-- Generated by org.testng.reporters.JUnitReportReporter -->
<testsuite hostname="PC-SBARANOVA" name="contact.Form_valid" tests="1" failures="0" timestamp="17 Mar 2015 07:44:11 GMT" time="35.619" errors="0">
  <testcase name="testUntitled6" time="35.619" classname="contact.Form_valid"/>
</testsuite> <!-- contact.Form_valid -->
