<?xml version="1.0" encoding="UTF-8"?>
<!-- Generated by org.testng.reporters.JUnitReportReporter -->
<testsuite hostname="Lana_Voit" name="contact.Contact_email_change" tests="1" failures="0" timestamp="10 Apr 2016 13:51:37 GMT" time="30.873" errors="0">
  <testcase name="testUntitled6" time="30.873" classname="contact.Contact_email_change"/>
</testsuite> <!-- contact.Contact_email_change -->
