<?xml version="1.0" encoding="UTF-8"?>
<!-- Generated by org.testng.reporters.JUnitReportReporter -->
<testsuite hostname="PC-SBARANOVA" name="contact.JS_error" tests="1" failures="0" timestamp="18 Mar 2015 11:53:47 GMT" time="12.561" errors="0">
  <testcase name="testUntitled4" time="12.561" classname="contact.JS_error"/>
</testsuite> <!-- contact.JS_error -->
