<?xml version="1.0" encoding="UTF-8"?>
<!-- Generated by org.testng.reporters.JUnitReportReporter -->
<testsuite hostname="PC-SBARANOVA" name="home.Newsletter_valid" tests="1" failures="0" timestamp="18 Mar 2015 11:38:23 GMT" time="6.715" errors="0">
  <testcase name="testUntitled3" time="6.715" classname="home.Newsletter_valid"/>
</testsuite> <!-- home.Newsletter_valid -->
