<?xml version="1.0" encoding="UTF-8"?>
<!-- Generated by org.testng.reporters.JUnitReportReporter -->
<testsuite hostname="Lana-laptop" name="blog.Captcha_invalid" tests="1" failures="0" timestamp="9 Aug 2014 10:00:29 GMT" time="12.960" errors="0">
  <testcase name="testUntitled2" time="12.960" classname="blog.Captcha_invalid"/>
</testsuite> <!-- blog.Captcha_invalid -->
