<?xml version="1.0" encoding="UTF-8"?>
<!-- Generated by org.testng.reporters.JUnitReportReporter -->
<testsuite hostname="PC-SBARANOVA" name="clients.Details_elements" tests="1" failures="0" timestamp="17 Mar 2015 09:59:53 GMT" time="6.824" errors="0">
  <testcase name="testUntitled9" time="6.824" classname="clients.Details_elements"/>
</testsuite> <!-- clients.Details_elements -->
