<?xml version="1.0" encoding="UTF-8"?>
<!-- Generated by org.testng.reporters.JUnitReportReporter -->
<testsuite hostname="PC-SBARANOVA" name="blog.Details_page" tests="1" failures="0" timestamp="17 Mar 2015 07:33:21 GMT" time="4.125" errors="0">
  <testcase name="testUntitled" time="4.125" classname="blog.Details_page"/>
</testsuite> <!-- blog.Details_page -->
