<?xml version="1.0" encoding="UTF-8"?>
<!-- Generated by org.testng.reporters.JUnitReportReporter -->
<testsuite hostname="Lana-laptop" name="blog.Comment" tests="1" failures="0" timestamp="9 Aug 2014 10:00:29 GMT" time="28.258" errors="0">
  <testcase name="testUntitled4" time="28.258" classname="blog.Comment"/>
</testsuite> <!-- blog.Comment -->
