<?xml version="1.0" encoding="UTF-8"?>
<!-- Generated by org.testng.reporters.JUnitReportReporter -->
<testsuite hostname="PC-SBARANOVA" name="clients.Website" tests="1" failures="0" timestamp="20 Jan 2015 11:18:13 GMT" time="3.044" errors="0">
  <testcase name="testUntitled7" time="3.044" classname="clients.Website"/>
</testsuite> <!-- clients.Website -->
