<?xml version="1.0" encoding="UTF-8"?>
<!-- Generated by org.testng.reporters.JUnitReportReporter -->
<testsuite hostname="Lana_Voit" name="blog.Captcha_disable" tests="1" failures="0" timestamp="10 Apr 2016 13:51:37 GMT" time="38.087" errors="0">
  <testcase name="testUntitled3" time="38.087" classname="blog.Captcha_disable"/>
</testsuite> <!-- blog.Captcha_disable -->
