<?xml version="1.0" encoding="UTF-8"?>
<!-- Generated by org.testng.reporters.JUnitReportReporter -->
<testsuite hostname="PC-SBARANOVA" name="blog.Captcha_empty" tests="1" failures="0" timestamp="17 Mar 2015 07:44:11 GMT" time="12.210" errors="0">
  <testcase name="testUntitled" time="12.210" classname="blog.Captcha_empty"/>
</testsuite> <!-- blog.Captcha_empty -->
