<?xml version="1.0" encoding="UTF-8"?>
<!-- Generated by org.testng.reporters.JUnitReportReporter -->
<testsuite hostname="Lana-laptop" name="blog.Blog_page" tests="1" failures="0" timestamp="11 Aug 2014 05:57:44 GMT" time="1.868" errors="0">
  <testcase name="testUntitled2" time="1.868" classname="blog.Blog_page"/>
</testsuite> <!-- blog.Blog_page -->
