<?xml version="1.0" encoding="UTF-8"?>
<!-- Generated by org.testng.reporters.JUnitReportReporter -->
<testsuite hostname="Lana-laptop" name="clients.Website" tests="1" failures="0" timestamp="14 Aug 2014 06:26:33 GMT" time="2.692" errors="0">
  <testcase name="testUntitled7" time="2.692" classname="clients.Website"/>
</testsuite> <!-- clients.Website -->
