<?xml version="1.0" encoding="UTF-8"?>
<!-- Generated by org.testng.reporters.JUnitReportReporter -->
<testsuite hostname="PC-SBARANOVA" name="blog.Search" tests="1" failures="0" timestamp="17 Mar 2015 07:33:21 GMT" time="7.801" errors="0">
  <testcase name="testUntitled3" time="7.801" classname="blog.Search"/>
</testsuite> <!-- blog.Search -->
