<?xml version="1.0" encoding="UTF-8"?>
<!-- Generated by org.testng.reporters.JUnitReportReporter -->
<testsuite hostname="Lana_Voit" name="blog.Details_page" tests="1" failures="0" timestamp="10 Apr 2016 13:51:37 GMT" time="16.590" errors="0">
  <testcase name="testUntitled" time="16.590" classname="blog.Details_page"/>
</testsuite> <!-- blog.Details_page -->
