<?xml version="1.0" encoding="UTF-8"?>
<!-- Generated by org.testng.reporters.JUnitReportReporter -->
<testsuite hostname="Lana-laptop" name="clients.Website" tests="1" failures="0" timestamp="11 Aug 2014 05:57:44 GMT" time="3.533" errors="0">
  <testcase name="testUntitled7" time="3.533" classname="clients.Website"/>
</testsuite> <!-- clients.Website -->
