<?xml version="1.0" encoding="UTF-8"?>
<!-- Generated by org.testng.reporters.JUnitReportReporter -->
<testsuite hostname="Lana_Voit" name="blog.JS_error_blog" tests="1" failures="0" timestamp="10 Apr 2016 13:51:37 GMT" time="6.225" errors="0">
  <testcase name="testUntitled4" time="6.225" classname="blog.JS_error_blog"/>
</testsuite> <!-- blog.JS_error_blog -->
