<?xml version="1.0" encoding="UTF-8"?>
<!-- Generated by org.testng.reporters.JUnitReportReporter -->
<testsuite hostname="PC-SBARANOVA" name="blog.JS_error_blog" tests="1" failures="0" timestamp="17 Mar 2015 09:44:18 GMT" time="5.412" errors="0">
  <testcase name="testUntitled4" time="5.412" classname="blog.JS_error_blog"/>
</testsuite> <!-- blog.JS_error_blog -->
