<?xml version="1.0" encoding="UTF-8"?>
<!-- Generated by org.testng.reporters.JUnitReportReporter -->
<testsuite hostname="PC-SBARANOVA" name="contact.Form_invalid" tests="1" failures="0" timestamp="17 Mar 2015 09:59:53 GMT" time="1.660" errors="0">
  <testcase name="testUntitled3" time="1.660" classname="contact.Form_invalid"/>
</testsuite> <!-- contact.Form_invalid -->
