<?xml version="1.0" encoding="UTF-8"?>
<!-- Generated by org.testng.reporters.JUnitReportReporter -->
<testsuite hostname="PS-SBARANOVA" name="clients.Website" tests="1" failures="0" timestamp="8 Jul 2015 08:29:46 GMT" time="3.220" errors="0">
  <testcase name="testUntitled7" time="3.220" classname="clients.Website"/>
</testsuite> <!-- clients.Website -->
