<?xml version="1.0" encoding="UTF-8"?>
<!-- Generated by org.testng.reporters.JUnitReportReporter -->
<testsuite hostname="Lana_Voit" name="contact.Form_invalid" tests="1" failures="0" timestamp="10 Apr 2016 13:51:37 GMT" time="1.430" errors="0">
  <testcase name="testUntitled3" time="1.430" classname="contact.Form_invalid"/>
</testsuite> <!-- contact.Form_invalid -->
