<?xml version="1.0" encoding="UTF-8"?>
<!-- Generated by org.testng.reporters.JUnitReportReporter -->
<testsuite hostname="PC-SBARANOVA" name="home.Newsletter_invalid" tests="1" failures="0" timestamp="20 Jan 2015 11:18:13 GMT" time="0.895" errors="0">
  <testcase name="testUntitled2" time="0.895" classname="home.Newsletter_invalid"/>
</testsuite> <!-- home.Newsletter_invalid -->
