<?xml version="1.0" encoding="UTF-8"?>
<!-- Generated by org.testng.reporters.JUnitReportReporter -->
<testsuite hostname="Lana-laptop" name="clients.Details_elements" tests="1" failures="0" timestamp="9 Aug 2014 10:00:29 GMT" time="1.420" errors="0">
  <testcase name="testUntitled9" time="1.420" classname="clients.Details_elements"/>
</testsuite> <!-- clients.Details_elements -->
