<?xml version="1.0" encoding="UTF-8"?>
<!-- Generated by org.testng.reporters.JUnitReportReporter -->
<testsuite hostname="PC-SBARANOVA" name="blog.Captche_enable" tests="1" failures="0" timestamp="18 Mar 2015 11:53:47 GMT" time="21.510" errors="0">
  <testcase name="testUntitled3" time="21.510" classname="blog.Captche_enable"/>
</testsuite> <!-- blog.Captche_enable -->
