<?xml version="1.0" encoding="UTF-8"?>
<!-- Generated by org.testng.reporters.JUnitReportReporter -->
<testsuite hostname="PC-SBARANOVA" name="about.Tabs" tests="1" failures="0" timestamp="18 Mar 2015 11:53:47 GMT" time="8.839" errors="0">
  <testcase name="testUntitled5" time="8.839" classname="about.Tabs"/>
</testsuite> <!-- about.Tabs -->
