<?xml version="1.0" encoding="UTF-8"?>
<!-- Generated by org.testng.reporters.JUnitReportReporter -->
<testsuite hostname="PC-SBARANOVA" name="home.Banner" tests="1" failures="0" timestamp="17 Mar 2015 09:59:53 GMT" time="5.945" errors="0">
  <testcase name="testUntitled4" time="5.945" classname="home.Banner"/>
</testsuite> <!-- home.Banner -->
