<?xml version="1.0" encoding="UTF-8"?>
<!-- Generated by org.testng.reporters.JUnitReportReporter -->
<testsuite hostname="PC-SBARANOVA" name="home.Newsletter_empty" tests="1" failures="0" timestamp="18 Mar 2015 11:53:47 GMT" time="15.237" errors="0">
  <testcase name="testUntitled" time="15.237" classname="home.Newsletter_empty"/>
</testsuite> <!-- home.Newsletter_empty -->
