<?xml version="1.0" encoding="UTF-8"?>
<!-- Generated by org.testng.reporters.JUnitReportReporter -->
<testsuite hostname="Lana_Voit" name="home.Newsletter_empty" tests="1" failures="0" timestamp="10 Apr 2016 13:51:37 GMT" time="8.905" errors="0">
  <testcase name="testUntitled" time="8.905" classname="home.Newsletter_empty"/>
</testsuite> <!-- home.Newsletter_empty -->
