<?xml version="1.0" encoding="UTF-8"?>
<!-- Generated by org.testng.reporters.JUnitReportReporter -->
<testsuite hostname="PC-SBARANOVA" name="about.Contact_us" tests="1" failures="0" timestamp="17 Mar 2015 09:59:53 GMT" time="1.235" errors="0">
  <testcase name="testUntitled6" time="1.235" classname="about.Contact_us"/>
</testsuite> <!-- about.Contact_us -->
