<?xml version="1.0" encoding="UTF-8"?>
<!-- Generated by org.testng.reporters.JUnitReportReporter -->
<testsuite hostname="PC-SBARANOVA" name="blog.Details_page" tests="1" failures="0" timestamp="18 Mar 2015 11:38:23 GMT" time="10.076" errors="0">
  <testcase name="testUntitled" time="10.076" classname="blog.Details_page"/>
</testsuite> <!-- blog.Details_page -->
