<?xml version="1.0" encoding="UTF-8"?>
<!-- Generated by org.testng.reporters.JUnitReportReporter -->
<testsuite hostname="PC-SBARANOVA" name="blog.Captcha_disable" tests="1" failures="0" timestamp="18 Mar 2015 11:38:23 GMT" time="25.851" errors="0">
  <testcase name="testUntitled3" time="25.851" classname="blog.Captcha_disable"/>
</testsuite> <!-- blog.Captcha_disable -->
