<?xml version="1.0" encoding="UTF-8"?>
<!-- Generated by org.testng.reporters.JUnitReportReporter -->
<testsuite hostname="PC-SBARANOVA" name="clients.Details_elements" tests="1" failures="0" timestamp="18 Mar 2015 11:53:47 GMT" time="10.362" errors="0">
  <testcase name="testUntitled9" time="10.362" classname="clients.Details_elements"/>
</testsuite> <!-- clients.Details_elements -->
