<?xml version="1.0" encoding="UTF-8"?>
<!-- Generated by org.testng.reporters.JUnitReportReporter -->
<testsuite hostname="PS-SBARANOVA" name="blog.Captcha_invalid" tests="1" failures="0" timestamp="8 Jul 2015 08:29:46 GMT" time="9.536" errors="0">
  <testcase name="testUntitled2" time="9.536" classname="blog.Captcha_invalid"/>
</testsuite> <!-- blog.Captcha_invalid -->
