<?xml version="1.0" encoding="UTF-8"?>
<!-- Generated by org.testng.reporters.JUnitReportReporter -->
<testsuite hostname="Lana-laptop" name="home.Newsletter_empty" tests="1" failures="0" timestamp="11 Aug 2014 05:57:44 GMT" time="0.890" errors="0">
  <testcase name="testUntitled" time="0.890" classname="home.Newsletter_empty"/>
</testsuite> <!-- home.Newsletter_empty -->
