<?xml version="1.0" encoding="UTF-8"?>
<!-- Generated by org.testng.reporters.JUnitReportReporter -->
<testsuite hostname="Lana-laptop" name="blog.Blog_page" tests="1" failures="0" timestamp="9 Aug 2014 10:00:29 GMT" time="2.492" errors="0">
  <testcase name="testUntitled2" time="2.492" classname="blog.Blog_page"/>
</testsuite> <!-- blog.Blog_page -->
