<?xml version="1.0" encoding="UTF-8"?>
<!-- Generated by org.testng.reporters.JUnitReportReporter -->
<testsuite hostname="PC-SBARANOVA" name="clients.JS_error" tests="1" failures="0" timestamp="18 Mar 2015 11:38:23 GMT" time="5.220" errors="1">
  <testcase name="testUntitled4" time="5.220" classname="clients.JS_error">
    <error type="java.lang.AssertionError" message="expected:&lt;[]&gt; but was:&lt;[[2015-03-18T15:28:30+0400] [INFO] Could not read chrome manifest &#039;file:///C:/Program%20Files%20(x86)/Mozilla%20Firefox/chrome.manifest&#039;.
, [2015-03-18T15:28:30+0400] [INFO] 1426678108726	addons.manager	DEBUG	Loaded provider scope for resource://gre/modules/addons/XPIProvider.jsm: [&quot;XPIProvider&quot;]
, [2015-03-18T15:28:30+0400] [INFO] 1426678108727	addons.manager	DEBUG	Loaded provider scope for resource://gre/modules/LightweightThemeManager.jsm: [&quot;LightweightThemeManager&quot;]
, [2015-03-18T15:28:30+0400] [INFO] 1426678108730	addons.xpi	DEBUG	startup
, [2015-03-18T15:28:30+0400] [INFO] 1426678108730	addons.xpi	INFO	Mapping fxdriver@googlecode.com to C:\Users\Lana\AppData\Local\Temp\anonymous6829217687290427937webdriver-profile\extensions\fxdriver@googlecode.com
, [2015-03-18T15:28:30+0400] [INFO] 1426678108731	addons.xpi	DEBUG	Ignoring file entry whose name is not a valid add-on ID: C:\Users\Lana\AppData\Local\Temp\anonymous6829217687290427937webdriver-profile\extensions\webdriver-staging
, [2015-03-18T15:28:30+0400] [INFO] 1426678108731	addons.xpi	INFO	Mapping {972ce4c6-7e08-4474-a285-3208198ce6fd} to C:\Program Files (x86)\Mozilla Firefox\browser\extensions\{972ce4c6-7e08-4474-a285-3208198ce6fd}
, [2015-03-18T15:28:30+0400] [INFO] 1426678108732	addons.xpi	DEBUG	Skipping unavailable install location app-system-share
, [2015-03-18T15:28:30+0400] [INFO] 1426678108732	addons.xpi	DEBUG	Skipping unavailable install location app-system-local
, [2015-03-18T15:28:30+0400] [INFO] 1426678108732	addons.xpi	DEBUG	checkForChanges
, [2015-03-18T15:28:30+0400] [INFO] 1426678108733	addons.xpi	DEBUG	Loaded add-on state from prefs: {&quot;app-profile&quot;:{&quot;fxdriver@googlecode.com&quot;:{&quot;d&quot;:&quot;C:\\Users\\Lana\\AppData\\Local\\Temp\\anonymous6829217687290427937webdriver-profile\\extensions\\fxdriver@googlecode.com&quot;,&quot;e&quot;:true,&quot;v&quot;:&quot;2.45.0&quot;,&quot;st&quot;:1426678103577,&quot;mt&quot;:1426678103420}},&quot;app-global&quot;:{&quot;{972ce4c6-7e08-4474-a285-3208198ce6fd}&quot;:{&quot;d&quot;:&quot;C:\\Program Files (x86)\\Mozilla Firefox\\browser\\extensions\\{972ce4c6-7e08-4474-a285-3208198ce6fd}&quot;,&quot;e&quot;:true,&quot;v&quot;:&quot;36.0.1&quot;,&quot;st&quot;:1425627516144,&quot;mt&quot;:1425627515938}}}
, [2015-03-18T15:28:30+0400] [INFO] 1426678108733	addons.xpi	DEBUG	getModTime: Recursive scan of fxdriver@googlecode.com
, [2015-03-18T15:28:30+0400] [INFO] 1426678108739	addons.xpi	DEBUG	getModTime: Recursive scan of {972ce4c6-7e08-4474-a285-3208198ce6fd}
, [2015-03-18T15:28:30+0400] [INFO] 1426678108739	addons.xpi	DEBUG	getInstallState changed: false, state: {&quot;app-profile&quot;:{&quot;fxdriver@googlecode.com&quot;:{&quot;d&quot;:&quot;C:\\Users\\Lana\\AppData\\Local\\Temp\\anonymous6829217687290427937webdriver-profile\\extensions\\fxdriver@googlecode.com&quot;,&quot;e&quot;:true,&quot;v&quot;:&quot;2.45.0&quot;,&quot;st&quot;:1426678103577,&quot;mt&quot;:1426678103420}},&quot;app-global&quot;:{&quot;{972ce4c6-7e08-4474-a285-3208198ce6fd}&quot;:{&quot;d&quot;:&quot;C:\\Program Files (x86)\\Mozilla Firefox\\browser\\extensions\\{972ce4c6-7e08-4474-a285-3208198ce6fd}&quot;,&quot;e&quot;:true,&quot;v&quot;:&quot;36.0.1&quot;,&quot;st&quot;:1425627516144,&quot;mt&quot;:1425627515938}}}
, [2015-03-18T15:28:30+0400] [INFO] 1426678108740	addons.xpi	DEBUG	No changes found
, [2015-03-18T15:28:30+0400] [INFO] 1426678108743	addons.manager	DEBUG	Registering shutdown blocker for XPIProvider
, [2015-03-18T15:28:30+0400] [INFO] 1426678108743	addons.manager	DEBUG	Registering shutdown blocker for LightweightThemeManager
, [2015-03-18T15:28:30+0400] [INFO] 1426678108744	addons.manager	DEBUG	Registering shutdown blocker for OpenH264Provider
, [2015-03-18T15:28:30+0400] [INFO] 1426678108745	addons.manager	DEBUG	Registering shutdown blocker for PluginProvider
, [2015-03-18T15:28:30+0400] [WARNING] Trying to re-register CID &#039;{e26dbdcd-d3ba-4ded-88c3-6cb07ee3e9e0}&#039; already registered by file:///C:/Users/Lana/AppData/Local/Temp/anonymous6829217687290427937webdriver-profile/extensions/fxdriver@googlecode.com/components/prompt-service.js., [2015-03-18T15:28:30+0400] [INFO] Native module at path &#039;C:\Users\Lana\AppData\Local\Temp\anonymous6829217687290427937webdriver-profile\extensions\fxdriver@googlecode.com\platform\WINNT_x86-msvc\components\webdriver-firefox-latest.dll&#039; is incompatible with this version of Firefox, has version 34, expected 36.
, [2015-03-18T15:28:30+0400] [INFO] Native module at path &#039;C:\Users\Lana\AppData\Local\Temp\anonymous6829217687290427937webdriver-profile\extensions\fxdriver@googlecode.com\platform\WINNT_x86-msvc\components\imehandler.dll&#039; doesn&#039;t export symbol `NSModule`.
, [2015-03-18T15:28:30+0400] [INFO] Could not read chrome manifest &#039;file:///C:/Program%20Files%20(x86)/Mozilla%20Firefox/browser/extensions/%7B972ce4c6-7e08-4474-a285-3208198ce6fd%7D/chrome.manifest&#039;.
, [2015-03-18T15:28:30+0400] [INFO] Warning: unrecognized command line flag -foreground
, [2015-03-18T15:28:30+0400] [INFO] 1426678110101	addons.xpi-utils	DEBUG	Starting async load of XPI database C:\Users\Lana\AppData\Local\Temp\anonymous6829217687290427937webdriver-profile\extensions.json
, [2015-03-18T15:28:30+0400] [INFO] Blocklist::_preloadBlocklistFile: blocklist is disabled
, [2015-03-18T15:28:30+0400] [INFO] 1426678110529	addons.manager	DEBUG	Registering shutdown blocker for &lt;unnamed-provider&gt;
, [2015-03-18T15:28:30+0400] [INFO] 1426678110531	addons.xpi-utils	DEBUG	Async JSON file read took 0 MS
, [2015-03-18T15:28:30+0400] [INFO] 1426678110531	addons.xpi-utils	DEBUG	Finished async read of XPI database, parsing...
, [2015-03-18T15:28:30+0400] [INFO] 1426678110532	addons.xpi-utils	DEBUG	Successfully read XPI database
, [2015-03-18T15:28:30+0400] [INFO] 1426678110570	addons.repository	DEBUG	No addons.json found.
, [2015-03-18T15:28:30+0400] [INFO] 1426678110572	DeferredSave.addons.json	DEBUG	Save changes
, [2015-03-18T15:28:30+0400] [INFO] 1426678110573	DeferredSave.addons.json	DEBUG	Starting timer
, [2015-03-18T15:28:30+0400] [INFO] 1426678110626	DeferredSave.addons.json	DEBUG	Starting write
, [2015-03-18T15:28:30+0400] [INFO] 1426678110630	DeferredSave.addons.json	DEBUG	Write succeeded
, [2015-03-18T15:28:31+0400] [WARNING] Ожидалось объявление, но найдено «*».  Пропущено до следующего объявления., [2015-03-18T15:28:31+0400] [WARNING] Ожидалось объявление, но найдено «*».  Пропущено до следующего объявления., [2015-03-18T15:28:31+0400] [WARNING] Ожидалось объявление, но найдено «*».  Пропущено до следующего объявления., [2015-03-18T15:28:31+0400] [WARNING] Ожидалось объявление, но найдено «*».  Пропущено до следующего объявления., [2015-03-18T15:28:31+0400] [WARNING] Ожидалось объявление, но найдено «*».  Пропущено до следующего объявления., [2015-03-18T15:28:31+0400] [WARNING] Ожидалось объявление, но найдено «*».  Пропущено до следующего объявления., [2015-03-18T15:28:31+0400] [WARNING] Ожидалось объявление, но найдено «*».  Пропущено до следующего объявления., [2015-03-18T15:28:31+0400] [WARNING] Неизвестный псевдокласс или псевдоэлемент «-webkit-search-cancel-button».  Набор правил проигнорирован из-за плохого селектора., [2015-03-18T15:28:31+0400] [WARNING] Неизвестное свойство «-moz-border-radius».  Потерянное объявление., [2015-03-18T15:28:31+0400] [WARNING] Неизвестное свойство «-moz-box-shadow».  Потерянное объявление., [2015-03-18T15:28:31+0400] [WARNING] Ошибка при парсинге значения «background».  Потерянное объявление., [2015-03-18T15:28:31+0400] [WARNING] Ошибка при парсинге значения «background».  Потерянное объявление., [2015-03-18T15:28:31+0400] [WARNING] Ошибка при парсинге значения «background».  Потерянное объявление., [2015-03-18T15:28:31+0400] [WARNING] Ошибка при парсинге значения «background».  Потерянное объявление., [2015-03-18T15:28:31+0400] [WARNING] Ожидалось «none», «URL» или функция фильтра, но найдено «progid».  Ошибка при парсинге значения «filter».  Потерянное объявление., [2015-03-18T15:28:31+0400] [WARNING] Ожидалось «none», «URL» или функция фильтра, но найдено «progid».  Ошибка при парсинге значения «filter».  Потерянное объявление., [2015-03-18T15:28:31+0400] [WARNING] Неизвестный псевдокласс или псевдоэлемент «selection».  Набор правил проигнорирован из-за плохого селектора., [2015-03-18T15:28:31+0400] [WARNING] Ошибка при парсинге значения «font».  Потерянное объявление., [2015-03-18T15:28:31+0400] [WARNING] Неизвестный псевдокласс или псевдоэлемент «-webkit-input-placeholder».  Набор правил проигнорирован из-за плохого селектора., [2015-03-18T15:28:31+0400] [WARNING] Неизвестный псевдокласс или псевдоэлемент «-ms-input-placeholder».  Набор правил проигнорирован из-за плохого селектора., [2015-03-18T15:28:31+0400] [WARNING] Неизвестное свойство «-moz-box-shadow».  Потерянное объявление., [2015-03-18T15:28:31+0400] [WARNING] Неизвестное свойство «-moz-border-radius».  Потерянное объявление., [2015-03-18T15:28:31+0400] [WARNING] Ожидалось объявление, но найдено «*».  Пропущено до следующего объявления., [2015-03-18T15:28:31+0400] [WARNING] Ожидалось объявление, но найдено «*».  Пропущено до следующего объявления., [2015-03-18T15:28:31+0400] [WARNING] Ожидалось имя медиа-функции, но найдено «-o-min-device-pixel-ratio»., [2015-03-18T15:28:31+0400] [WARNING] Ожидалось имя медиа-функции, но найдено «-webkit-min-device-pixel-ratio»., [2015-03-18T15:28:31+0400] [WARNING] Ошибка при парсинге значения «background».  Потерянное объявление., [2015-03-18T15:28:31+0400] [WARNING] Ошибка при парсинге значения «background».  Потерянное объявление., [2015-03-18T15:28:31+0400] [WARNING] Ошибка при парсинге значения «background».  Потерянное объявление., [2015-03-18T15:28:31+0400] [WARNING] Ожидалось определение цвета, но найдено «top».  Ошибка при парсинге значения «background».  Потерянное объявление., [2015-03-18T15:28:31+0400] [WARNING] Ошибка при парсинге значения «background».  Потерянное объявление., [2015-03-18T15:28:31+0400] [WARNING] Ошибка при парсинге значения «background».  Потерянное объявление., [2015-03-18T15:28:31+0400] [WARNING] Ошибка при парсинге значения «background».  Потерянное объявление., [2015-03-18T15:28:31+0400] [WARNING] Ожидалось определение цвета, но найдено «bottom».  Ошибка при парсинге значения «background».  Потерянное объявление., [2015-03-18T15:28:31+0400] [WARNING] Ошибка при парсинге значения «background».  Потерянное объявление., [2015-03-18T15:28:31+0400] [WARNING] Ошибка при парсинге значения «background».  Потерянное объявление., [2015-03-18T15:28:31+0400] [WARNING] Ошибка при парсинге значения «background».  Потерянное объявление., [2015-03-18T15:28:31+0400] [WARNING] Ошибка при парсинге значения «background».  Потерянное объявление., [2015-03-18T15:28:31+0400] [WARNING] Ошибка при парсинге значения «background».  Потерянное объявление., [2015-03-18T15:28:31+0400] [WARNING] Ошибка при парсинге значения «background».  Потерянное объявление., [2015-03-18T15:28:31+0400] [WARNING] Неизвестное свойство «speak».  Потерянное объявление., [2015-03-18T15:28:31+0400] [WARNING] Неизвестное свойство «user-select».  Потерянное объявление., [2015-03-18T15:28:31+0400] [WARNING] Неизвестное свойство «user-select».  Потерянное объявление., [2015-03-18T15:28:31+0400] [WARNING] Неизвестное свойство «user-select».  Потерянное объявление., [2015-03-18T15:28:32+0400] [WARNING] Using //@ to indicate sourceMappingURL pragmas is deprecated. Use //# instead, [2015-03-18T15:28:32+0400] [WARNING] Ожидалось имя медиа-функции, но найдено «touch-enabled»., [2015-03-18T15:28:32+0400] [WARNING] Ожидалось имя медиа-функции, но найдено «-webkit-touch-enabled»., [2015-03-18T15:28:32+0400] [WARNING] Ожидалось имя медиа-функции, но найдено «-o-touch-enabled»., [2015-03-18T15:28:32+0400] [WARNING] Ожидалось имя медиа-функции, но найдено «-ms-touch-enabled»., [2015-03-18T15:28:32+0400] [WARNING] Ожидалось имя медиа-функции, но найдено «modernizr»., [2015-03-18T15:28:32+0400] [WARNING] Неизвестное свойство «-moz-opacity».  Потерянное объявление., [2015-03-18T15:28:32+0400] [WARNING] Ошибка при парсинге значения «background-image».  Потерянное объявление., [2015-03-18T15:28:32+0400] [WARNING] Ожидалось определение цвета, но найдено «left».  Ошибка при парсинге значения «background-image».  Потерянное объявление., [2015-03-18T15:28:32+0400] [WARNING] Ошибка при парсинге значения «background-image».  Потерянное объявление., [2015-03-18T15:28:32+0400] [WARNING] Ошибка при парсинге значения «background-image».  Потерянное объявление., [2015-03-18T15:28:32+0400] [WARNING] Ошибка при парсинге значения «background-image».  Потерянное объявление., [2015-03-18T15:28:32+0400] [INFO] Blocklist::_loadBlocklistFromFile: blocklist is disabled
, [2015-03-18T15:28:35+0400] [WARNING] Метод getPreventDefault() является устаревшим. Для его замены используйте метод defaultPrevented.]&gt;">
      <![CDATA[java.lang.AssertionError: expected:<[]> but was:<[[2015-03-18T15:28:30+0400] [INFO] Could not read chrome manifest 'file:///C:/Program%20Files%20(x86)/Mozilla%20Firefox/chrome.manifest'.
, [2015-03-18T15:28:30+0400] [INFO] 1426678108726	addons.manager	DEBUG	Loaded provider scope for resource://gre/modules/addons/XPIProvider.jsm: ["XPIProvider"]
, [2015-03-18T15:28:30+0400] [INFO] 1426678108727	addons.manager	DEBUG	Loaded provider scope for resource://gre/modules/LightweightThemeManager.jsm: ["LightweightThemeManager"]
, [2015-03-18T15:28:30+0400] [INFO] 1426678108730	addons.xpi	DEBUG	startup
, [2015-03-18T15:28:30+0400] [INFO] 1426678108730	addons.xpi	INFO	Mapping fxdriver@googlecode.com to C:\Users\Lana\AppData\Local\Temp\anonymous6829217687290427937webdriver-profile\extensions\fxdriver@googlecode.com
, [2015-03-18T15:28:30+0400] [INFO] 1426678108731	addons.xpi	DEBUG	Ignoring file entry whose name is not a valid add-on ID: C:\Users\Lana\AppData\Local\Temp\anonymous6829217687290427937webdriver-profile\extensions\webdriver-staging
, [2015-03-18T15:28:30+0400] [INFO] 1426678108731	addons.xpi	INFO	Mapping {972ce4c6-7e08-4474-a285-3208198ce6fd} to C:\Program Files (x86)\Mozilla Firefox\browser\extensions\{972ce4c6-7e08-4474-a285-3208198ce6fd}
, [2015-03-18T15:28:30+0400] [INFO] 1426678108732	addons.xpi	DEBUG	Skipping unavailable install location app-system-share
, [2015-03-18T15:28:30+0400] [INFO] 1426678108732	addons.xpi	DEBUG	Skipping unavailable install location app-system-local
, [2015-03-18T15:28:30+0400] [INFO] 1426678108732	addons.xpi	DEBUG	checkForChanges
, [2015-03-18T15:28:30+0400] [INFO] 1426678108733	addons.xpi	DEBUG	Loaded add-on state from prefs: {"app-profile":{"fxdriver@googlecode.com":{"d":"C:\\Users\\Lana\\AppData\\Local\\Temp\\anonymous6829217687290427937webdriver-profile\\extensions\\fxdriver@googlecode.com","e":true,"v":"2.45.0","st":1426678103577,"mt":1426678103420}},"app-global":{"{972ce4c6-7e08-4474-a285-3208198ce6fd}":{"d":"C:\\Program Files (x86)\\Mozilla Firefox\\browser\\extensions\\{972ce4c6-7e08-4474-a285-3208198ce6fd}","e":true,"v":"36.0.1","st":1425627516144,"mt":1425627515938}}}
, [2015-03-18T15:28:30+0400] [INFO] 1426678108733	addons.xpi	DEBUG	getModTime: Recursive scan of fxdriver@googlecode.com
, [2015-03-18T15:28:30+0400] [INFO] 1426678108739	addons.xpi	DEBUG	getModTime: Recursive scan of {972ce4c6-7e08-4474-a285-3208198ce6fd}
, [2015-03-18T15:28:30+0400] [INFO] 1426678108739	addons.xpi	DEBUG	getInstallState changed: false, state: {"app-profile":{"fxdriver@googlecode.com":{"d":"C:\\Users\\Lana\\AppData\\Local\\Temp\\anonymous6829217687290427937webdriver-profile\\extensions\\fxdriver@googlecode.com","e":true,"v":"2.45.0","st":1426678103577,"mt":1426678103420}},"app-global":{"{972ce4c6-7e08-4474-a285-3208198ce6fd}":{"d":"C:\\Program Files (x86)\\Mozilla Firefox\\browser\\extensions\\{972ce4c6-7e08-4474-a285-3208198ce6fd}","e":true,"v":"36.0.1","st":1425627516144,"mt":1425627515938}}}
, [2015-03-18T15:28:30+0400] [INFO] 1426678108740	addons.xpi	DEBUG	No changes found
, [2015-03-18T15:28:30+0400] [INFO] 1426678108743	addons.manager	DEBUG	Registering shutdown blocker for XPIProvider
, [2015-03-18T15:28:30+0400] [INFO] 1426678108743	addons.manager	DEBUG	Registering shutdown blocker for LightweightThemeManager
, [2015-03-18T15:28:30+0400] [INFO] 1426678108744	addons.manager	DEBUG	Registering shutdown blocker for OpenH264Provider
, [2015-03-18T15:28:30+0400] [INFO] 1426678108745	addons.manager	DEBUG	Registering shutdown blocker for PluginProvider
, [2015-03-18T15:28:30+0400] [WARNING] Trying to re-register CID '{e26dbdcd-d3ba-4ded-88c3-6cb07ee3e9e0}' already registered by file:///C:/Users/Lana/AppData/Local/Temp/anonymous6829217687290427937webdriver-profile/extensions/fxdriver@googlecode.com/components/prompt-service.js., [2015-03-18T15:28:30+0400] [INFO] Native module at path 'C:\Users\Lana\AppData\Local\Temp\anonymous6829217687290427937webdriver-profile\extensions\fxdriver@googlecode.com\platform\WINNT_x86-msvc\components\webdriver-firefox-latest.dll' is incompatible with this version of Firefox, has version 34, expected 36.
, [2015-03-18T15:28:30+0400] [INFO] Native module at path 'C:\Users\Lana\AppData\Local\Temp\anonymous6829217687290427937webdriver-profile\extensions\fxdriver@googlecode.com\platform\WINNT_x86-msvc\components\imehandler.dll' doesn't export symbol `NSModule`.
, [2015-03-18T15:28:30+0400] [INFO] Could not read chrome manifest 'file:///C:/Program%20Files%20(x86)/Mozilla%20Firefox/browser/extensions/%7B972ce4c6-7e08-4474-a285-3208198ce6fd%7D/chrome.manifest'.
, [2015-03-18T15:28:30+0400] [INFO] Warning: unrecognized command line flag -foreground
, [2015-03-18T15:28:30+0400] [INFO] 1426678110101	addons.xpi-utils	DEBUG	Starting async load of XPI database C:\Users\Lana\AppData\Local\Temp\anonymous6829217687290427937webdriver-profile\extensions.json
, [2015-03-18T15:28:30+0400] [INFO] Blocklist::_preloadBlocklistFile: blocklist is disabled
, [2015-03-18T15:28:30+0400] [INFO] 1426678110529	addons.manager	DEBUG	Registering shutdown blocker for <unnamed-provider>
, [2015-03-18T15:28:30+0400] [INFO] 1426678110531	addons.xpi-utils	DEBUG	Async JSON file read took 0 MS
, [2015-03-18T15:28:30+0400] [INFO] 1426678110531	addons.xpi-utils	DEBUG	Finished async read of XPI database, parsing...
, [2015-03-18T15:28:30+0400] [INFO] 1426678110532	addons.xpi-utils	DEBUG	Successfully read XPI database
, [2015-03-18T15:28:30+0400] [INFO] 1426678110570	addons.repository	DEBUG	No addons.json found.
, [2015-03-18T15:28:30+0400] [INFO] 1426678110572	DeferredSave.addons.json	DEBUG	Save changes
, [2015-03-18T15:28:30+0400] [INFO] 1426678110573	DeferredSave.addons.json	DEBUG	Starting timer
, [2015-03-18T15:28:30+0400] [INFO] 1426678110626	DeferredSave.addons.json	DEBUG	Starting write
, [2015-03-18T15:28:30+0400] [INFO] 1426678110630	DeferredSave.addons.json	DEBUG	Write succeeded
, [2015-03-18T15:28:31+0400] [WARNING] Ожидалось объявление, но найдено «*».  Пропущено до следующего объявления., [2015-03-18T15:28:31+0400] [WARNING] Ожидалось объявление, но найдено «*».  Пропущено до следующего объявления., [2015-03-18T15:28:31+0400] [WARNING] Ожидалось объявление, но найдено «*».  Пропущено до следующего объявления., [2015-03-18T15:28:31+0400] [WARNING] Ожидалось объявление, но найдено «*».  Пропущено до следующего объявления., [2015-03-18T15:28:31+0400] [WARNING] Ожидалось объявление, но найдено «*».  Пропущено до следующего объявления., [2015-03-18T15:28:31+0400] [WARNING] Ожидалось объявление, но найдено «*».  Пропущено до следующего объявления., [2015-03-18T15:28:31+0400] [WARNING] Ожидалось объявление, но найдено «*».  Пропущено до следующего объявления., [2015-03-18T15:28:31+0400] [WARNING] Неизвестный псевдокласс или псевдоэлемент «-webkit-search-cancel-button».  Набор правил проигнорирован из-за плохого селектора., [2015-03-18T15:28:31+0400] [WARNING] Неизвестное свойство «-moz-border-radius».  Потерянное объявление., [2015-03-18T15:28:31+0400] [WARNING] Неизвестное свойство «-moz-box-shadow».  Потерянное объявление., [2015-03-18T15:28:31+0400] [WARNING] Ошибка при парсинге значения «background».  Потерянное объявление., [2015-03-18T15:28:31+0400] [WARNING] Ошибка при парсинге значения «background».  Потерянное объявление., [2015-03-18T15:28:31+0400] [WARNING] Ошибка при парсинге значения «background».  Потерянное объявление., [2015-03-18T15:28:31+0400] [WARNING] Ошибка при парсинге значения «background».  Потерянное объявление., [2015-03-18T15:28:31+0400] [WARNING] Ожидалось «none», «URL» или функция фильтра, но найдено «progid».  Ошибка при парсинге значения «filter».  Потерянное объявление., [2015-03-18T15:28:31+0400] [WARNING] Ожидалось «none», «URL» или функция фильтра, но найдено «progid».  Ошибка при парсинге значения «filter».  Потерянное объявление., [2015-03-18T15:28:31+0400] [WARNING] Неизвестный псевдокласс или псевдоэлемент «selection».  Набор правил проигнорирован из-за плохого селектора., [2015-03-18T15:28:31+0400] [WARNING] Ошибка при парсинге значения «font».  Потерянное объявление., [2015-03-18T15:28:31+0400] [WARNING] Неизвестный псевдокласс или псевдоэлемент «-webkit-input-placeholder».  Набор правил проигнорирован из-за плохого селектора., [2015-03-18T15:28:31+0400] [WARNING] Неизвестный псевдокласс или псевдоэлемент «-ms-input-placeholder».  Набор правил проигнорирован из-за плохого селектора., [2015-03-18T15:28:31+0400] [WARNING] Неизвестное свойство «-moz-box-shadow».  Потерянное объявление., [2015-03-18T15:28:31+0400] [WARNING] Неизвестное свойство «-moz-border-radius».  Потерянное объявление., [2015-03-18T15:28:31+0400] [WARNING] Ожидалось объявление, но найдено «*».  Пропущено до следующего объявления., [2015-03-18T15:28:31+0400] [WARNING] Ожидалось объявление, но найдено «*».  Пропущено до следующего объявления., [2015-03-18T15:28:31+0400] [WARNING] Ожидалось имя медиа-функции, но найдено «-o-min-device-pixel-ratio»., [2015-03-18T15:28:31+0400] [WARNING] Ожидалось имя медиа-функции, но найдено «-webkit-min-device-pixel-ratio»., [2015-03-18T15:28:31+0400] [WARNING] Ошибка при парсинге значения «background».  Потерянное объявление., [2015-03-18T15:28:31+0400] [WARNING] Ошибка при парсинге значения «background».  Потерянное объявление., [2015-03-18T15:28:31+0400] [WARNING] Ошибка при парсинге значения «background».  Потерянное объявление., [2015-03-18T15:28:31+0400] [WARNING] Ожидалось определение цвета, но найдено «top».  Ошибка при парсинге значения «background».  Потерянное объявление., [2015-03-18T15:28:31+0400] [WARNING] Ошибка при парсинге значения «background».  Потерянное объявление., [2015-03-18T15:28:31+0400] [WARNING] Ошибка при парсинге значения «background».  Потерянное объявление., [2015-03-18T15:28:31+0400] [WARNING] Ошибка при парсинге значения «background».  Потерянное объявление., [2015-03-18T15:28:31+0400] [WARNING] Ожидалось определение цвета, но найдено «bottom».  Ошибка при парсинге значения «background».  Потерянное объявление., [2015-03-18T15:28:31+0400] [WARNING] Ошибка при парсинге значения «background».  Потерянное объявление., [2015-03-18T15:28:31+0400] [WARNING] Ошибка при парсинге значения «background».  Потерянное объявление., [2015-03-18T15:28:31+0400] [WARNING] Ошибка при парсинге значения «background».  Потерянное объявление., [2015-03-18T15:28:31+0400] [WARNING] Ошибка при парсинге значения «background».  Потерянное объявление., [2015-03-18T15:28:31+0400] [WARNING] Ошибка при парсинге значения «background».  Потерянное объявление., [2015-03-18T15:28:31+0400] [WARNING] Ошибка при парсинге значения «background».  Потерянное объявление., [2015-03-18T15:28:31+0400] [WARNING] Неизвестное свойство «speak».  Потерянное объявление., [2015-03-18T15:28:31+0400] [WARNING] Неизвестное свойство «user-select».  Потерянное объявление., [2015-03-18T15:28:31+0400] [WARNING] Неизвестное свойство «user-select».  Потерянное объявление., [2015-03-18T15:28:31+0400] [WARNING] Неизвестное свойство «user-select».  Потерянное объявление., [2015-03-18T15:28:32+0400] [WARNING] Using //@ to indicate sourceMappingURL pragmas is deprecated. Use //# instead, [2015-03-18T15:28:32+0400] [WARNING] Ожидалось имя медиа-функции, но найдено «touch-enabled»., [2015-03-18T15:28:32+0400] [WARNING] Ожидалось имя медиа-функции, но найдено «-webkit-touch-enabled»., [2015-03-18T15:28:32+0400] [WARNING] Ожидалось имя медиа-функции, но найдено «-o-touch-enabled»., [2015-03-18T15:28:32+0400] [WARNING] Ожидалось имя медиа-функции, но найдено «-ms-touch-enabled»., [2015-03-18T15:28:32+0400] [WARNING] Ожидалось имя медиа-функции, но найдено «modernizr»., [2015-03-18T15:28:32+0400] [WARNING] Неизвестное свойство «-moz-opacity».  Потерянное объявление., [2015-03-18T15:28:32+0400] [WARNING] Ошибка при парсинге значения «background-image».  Потерянное объявление., [2015-03-18T15:28:32+0400] [WARNING] Ожидалось определение цвета, но найдено «left».  Ошибка при парсинге значения «background-image».  Потерянное объявление., [2015-03-18T15:28:32+0400] [WARNING] Ошибка при парсинге значения «background-image».  Потерянное объявление., [2015-03-18T15:28:32+0400] [WARNING] Ошибка при парсинге значения «background-image».  Потерянное объявление., [2015-03-18T15:28:32+0400] [WARNING] Ошибка при парсинге значения «background-image».  Потерянное объявление., [2015-03-18T15:28:32+0400] [INFO] Blocklist::_loadBlocklistFromFile: blocklist is disabled
, [2015-03-18T15:28:35+0400] [WARNING] Метод getPreventDefault() является устаревшим. Для его замены используйте метод defaultPrevented.]>
	at org.junit.Assert.fail(Assert.java:88)
	at org.junit.Assert.failNotEquals(Assert.java:743)
	at org.junit.Assert.assertEquals(Assert.java:118)
	at org.junit.Assert.assertEquals(Assert.java:144)
	at clients.JS_error.testUntitled4(JS_error.java:43)
	at sun.reflect.NativeMethodAccessorImpl.invoke0(Native Method)
	at sun.reflect.NativeMethodAccessorImpl.invoke(NativeMethodAccessorImpl.java:62)
	at sun.reflect.DelegatingMethodAccessorImpl.invoke(DelegatingMethodAccessorImpl.java:43)
	at java.lang.reflect.Method.invoke(Method.java:483)
	at org.testng.internal.MethodInvocationHelper.invokeMethod(MethodInvocationHelper.java:84)
	at org.testng.internal.Invoker.invokeMethod(Invoker.java:714)
	at org.testng.internal.Invoker.invokeTestMethod(Invoker.java:901)
	at org.testng.internal.Invoker.invokeTestMethods(Invoker.java:1231)
	at org.testng.internal.TestMethodWorker.invokeTestMethods(TestMethodWorker.java:127)
	at org.testng.internal.TestMethodWorker.run(TestMethodWorker.java:111)
	at org.testng.TestRunner.privateRun(TestRunner.java:767)
	at org.testng.TestRunner.run(TestRunner.java:617)
	at org.testng.SuiteRunner.runTest(SuiteRunner.java:348)
	at org.testng.SuiteRunner.runSequentially(SuiteRunner.java:343)
	at org.testng.SuiteRunner.privateRun(SuiteRunner.java:305)
	at org.testng.SuiteRunner.run(SuiteRunner.java:254)
	at org.testng.SuiteRunnerWorker.runSuite(SuiteRunnerWorker.java:52)
	at org.testng.SuiteRunnerWorker.run(SuiteRunnerWorker.java:86)
	at org.testng.TestNG.runSuitesSequentially(TestNG.java:1224)
	at org.testng.TestNG.runSuitesLocally(TestNG.java:1149)
	at org.testng.TestNG.run(TestNG.java:1057)
	at org.apache.maven.surefire.testng.TestNGExecutor.run(TestNGExecutor.java:217)
	at org.apache.maven.surefire.testng.TestNGXmlTestSuite.execute(TestNGXmlTestSuite.java:84)
	at org.apache.maven.surefire.testng.TestNGProvider.invoke(TestNGProvider.java:92)
	at org.apache.maven.surefire.booter.ForkedBooter.invokeProviderInSameClassLoader(ForkedBooter.java:200)
	at org.apache.maven.surefire.booter.ForkedBooter.runSuitesInProcess(ForkedBooter.java:153)
	at org.apache.maven.surefire.booter.ForkedBooter.main(ForkedBooter.java:103)
]]>
    </error>
  </testcase> <!-- testUntitled4 -->
</testsuite> <!-- clients.JS_error -->
