<?xml version="1.0" encoding="UTF-8"?>
<!-- Generated by org.testng.reporters.JUnitReportReporter -->
<testsuite hostname="PC-SBARANOVA" name="blog.JS_error_post" tests="1" failures="0" timestamp="18 Mar 2015 11:53:47 GMT" time="5.501" errors="0">
  <testcase name="testUntitled4" time="5.501" classname="blog.JS_error_post"/>
</testsuite> <!-- blog.JS_error_post -->
