<?xml version="1.0" encoding="UTF-8"?>
<!-- Generated by org.testng.reporters.JUnitReportReporter -->
<testsuite hostname="PS-SBARANOVA" name="contact.Contact_email_change" tests="1" failures="0" timestamp="8 Jul 2015 08:29:46 GMT" time="15.328" errors="0">
  <testcase name="testUntitled6" time="15.328" classname="contact.Contact_email_change"/>
</testsuite> <!-- contact.Contact_email_change -->
