<?xml version="1.0" encoding="UTF-8"?>
<!-- Generated by org.testng.reporters.JUnitReportReporter -->
<testsuite hostname="PC-SBARANOVA" name="clients.Website" tests="1" failures="0" timestamp="18 Mar 2015 11:38:23 GMT" time="17.307" errors="0">
  <testcase name="testUntitled7" time="17.307" classname="clients.Website"/>
</testsuite> <!-- clients.Website -->
