<?xml version="1.0" encoding="UTF-8"?>
<!-- Generated by org.testng.reporters.JUnitReportReporter -->
<testsuite hostname="Lana-laptop" name="services.Page" tests="1" failures="0" timestamp="9 Aug 2014 10:00:29 GMT" time="0.876" errors="0">
  <testcase name="testUntitled2" time="0.876" classname="services.Page"/>
</testsuite> <!-- services.Page -->
