<?xml version="1.0" encoding="UTF-8"?>
<!-- Generated by org.testng.reporters.JUnitReportReporter -->
<testsuite hostname="PC-SBARANOVA" name="blog.Details_page" tests="1" failures="0" timestamp="17 Mar 2015 07:44:11 GMT" time="3.390" errors="0">
  <testcase name="testUntitled" time="3.390" classname="blog.Details_page"/>
</testsuite> <!-- blog.Details_page -->
