<?xml version="1.0" encoding="UTF-8"?>
<!-- Generated by org.testng.reporters.JUnitReportReporter -->
<testsuite hostname="PC-SBARANOVA" name="contact.Contact_email_change" tests="1" failures="0" timestamp="20 Jan 2015 11:18:13 GMT" time="17.486" errors="0">
  <testcase name="testUntitled6" time="17.486" classname="contact.Contact_email_change"/>
</testsuite> <!-- contact.Contact_email_change -->
