<?xml version="1.0" encoding="UTF-8"?>
<!-- Generated by org.testng.reporters.JUnitReportReporter -->
<testsuite hostname="PC-SBARANOVA" name="blog.Captcha_empty" tests="1" failures="0" timestamp="18 Mar 2015 11:53:47 GMT" time="17.604" errors="0">
  <testcase name="testUntitled" time="17.604" classname="blog.Captcha_empty"/>
</testsuite> <!-- blog.Captcha_empty -->
