<?xml version="1.0" encoding="UTF-8"?>
<!-- Generated by org.testng.reporters.JUnitReportReporter -->
<testsuite hostname="Lana-laptop" name="blog.Captcha_invalid" tests="1" failures="0" timestamp="14 Aug 2014 06:26:33 GMT" time="13.448" errors="0">
  <testcase name="testUntitled2" time="13.448" classname="blog.Captcha_invalid"/>
</testsuite> <!-- blog.Captcha_invalid -->
