<?xml version="1.0" encoding="UTF-8"?>
<!-- Generated by org.testng.reporters.JUnitReportReporter -->
<testsuite hostname="Lana_Voit" name="clients.JS_error_clients" tests="1" failures="0" timestamp="10 Apr 2016 13:51:37 GMT" time="6.382" errors="0">
  <testcase name="testUntitled4" time="6.382" classname="clients.JS_error_clients"/>
</testsuite> <!-- clients.JS_error_clients -->
