<?xml version="1.0" encoding="UTF-8"?>
<!-- Generated by org.testng.reporters.JUnitReportReporter -->
<testsuite hostname="PC-SBARANOVA" name="blog.Captcha_disable" tests="1" failures="0" timestamp="20 Jan 2015 11:18:13 GMT" time="14.246" errors="0">
  <testcase name="testUntitled3" time="14.246" classname="blog.Captcha_disable"/>
</testsuite> <!-- blog.Captcha_disable -->
