<?xml version="1.0" encoding="UTF-8"?>
<!-- Generated by org.testng.reporters.JUnitReportReporter -->
<testsuite hostname="PC-SBARANOVA" name="blog.Captcha_empty" tests="1" failures="0" timestamp="20 Jan 2015 11:18:13 GMT" time="11.635" errors="0">
  <testcase name="testUntitled" time="11.635" classname="blog.Captcha_empty"/>
</testsuite> <!-- blog.Captcha_empty -->
