<?xml version="1.0" encoding="UTF-8"?>
<!-- Generated by org.testng.reporters.JUnitReportReporter -->
<testsuite hostname="Lana-laptop" name="services.JS_error" tests="1" failures="0" timestamp="9 Aug 2014 10:00:29 GMT" time="0.761" errors="0">
  <testcase name="testUntitled4" time="0.761" classname="services.JS_error"/>
</testsuite> <!-- services.JS_error -->
