<?xml version="1.0" encoding="UTF-8"?>
<!-- Generated by org.testng.reporters.JUnitReportReporter -->
<testsuite hostname="Lana-laptop" name="blog.Captche_enable" tests="1" failures="0" timestamp="9 Aug 2014 10:00:29 GMT" time="13.535" errors="0">
  <testcase name="testUntitled3" time="13.535" classname="blog.Captche_enable"/>
</testsuite> <!-- blog.Captche_enable -->
