<?xml version="1.0" encoding="UTF-8"?>
<!-- Generated by org.testng.reporters.JUnitReportReporter -->
<testsuite hostname="Lana_Voit" name="about.JS_error_about" tests="1" failures="0" timestamp="10 Apr 2016 15:05:52 GMT" time="6.001" errors="0">
  <testcase name="testUntitled4" time="6.001" classname="about.JS_error_about"/>
</testsuite> <!-- about.JS_error_about -->
