<?xml version="1.0" encoding="UTF-8"?>
<!-- Generated by org.testng.reporters.JUnitReportReporter -->
<testsuite hostname="PC-SBARANOVA" name="home.Newsletter_valid" tests="1" failures="0" timestamp="17 Mar 2015 07:44:11 GMT" time="2.364" errors="0">
  <testcase name="testUntitled3" time="2.364" classname="home.Newsletter_valid"/>
</testsuite> <!-- home.Newsletter_valid -->
