<?xml version="1.0" encoding="UTF-8"?>
<!-- Generated by org.testng.reporters.JUnitReportReporter -->
<testsuite hostname="Lana-laptop" name="clients.JS_error" tests="1" failures="0" timestamp="9 Aug 2014 10:00:29 GMT" time="1.438" errors="0">
  <testcase name="testUntitled4" time="1.438" classname="clients.JS_error"/>
</testsuite> <!-- clients.JS_error -->
