<?xml version="1.0" encoding="UTF-8"?>
<!-- Generated by org.testng.reporters.JUnitReportReporter -->
<testsuite hostname="Lana-laptop" name="home.Newsletter_empty" tests="1" failures="0" timestamp="14 Aug 2014 06:26:33 GMT" time="0.949" errors="0">
  <testcase name="testUntitled" time="0.949" classname="home.Newsletter_empty"/>
</testsuite> <!-- home.Newsletter_empty -->
