<?xml version="1.0" encoding="UTF-8"?>
<!-- Generated by org.testng.reporters.JUnitReportReporter -->
<testsuite hostname="Lana-laptop" name="blog.JS_error_blog" tests="1" failures="0" timestamp="14 Aug 2014 06:26:33 GMT" time="9.438" errors="0">
  <testcase name="testUntitled4" time="9.438" classname="blog.JS_error_blog"/>
</testsuite> <!-- blog.JS_error_blog -->
