<?xml version="1.0" encoding="UTF-8"?>
<!-- Generated by org.testng.reporters.JUnitReportReporter -->
<testsuite hostname="PC-SBARANOVA" name="contact.Form_valid" tests="1" failures="0" timestamp="18 Mar 2015 11:53:47 GMT" time="42.913" errors="0">
  <testcase name="testUntitled6" time="42.913" classname="contact.Form_valid"/>
</testsuite> <!-- contact.Form_valid -->
