<?xml version="1.0" encoding="UTF-8"?>
<!-- Generated by org.testng.reporters.JUnitReportReporter -->
<testsuite hostname="PC-SBARANOVA" name="blog.Details_page" tests="1" failures="0" timestamp="20 Jan 2015 11:18:13 GMT" time="3.283" errors="0">
  <testcase name="testUntitled" time="3.283" classname="blog.Details_page"/>
</testsuite> <!-- blog.Details_page -->
