<?xml version="1.0" encoding="UTF-8"?>
<!-- Generated by org.testng.reporters.JUnitReportReporter -->
<testsuite hostname="Lana-laptop" name="home.JS_error" tests="1" failures="0" timestamp="9 Aug 2014 10:00:29 GMT" time="3.944" errors="0">
  <testcase name="testUntitled4" time="3.944" classname="home.JS_error"/>
</testsuite> <!-- home.JS_error -->
