<?xml version="1.0" encoding="UTF-8"?>
<!-- Generated by org.testng.reporters.JUnitReportReporter -->
<testsuite hostname="PC-SBARANOVA" name="clients.Details_elements" tests="1" failures="0" timestamp="17 Mar 2015 07:33:21 GMT" time="5.228" errors="0">
  <testcase name="testUntitled9" time="5.228" classname="clients.Details_elements"/>
</testsuite> <!-- clients.Details_elements -->
