<?xml version="1.0" encoding="UTF-8"?>
<!-- Generated by org.testng.reporters.JUnitReportReporter -->
<testsuite hostname="Lana_Voit" name="contact.JS_error_contact" tests="1" failures="0" timestamp="10 Apr 2016 13:51:37 GMT" time="6.033" errors="0">
  <testcase name="testUntitled4" time="6.033" classname="contact.JS_error_contact"/>
</testsuite> <!-- contact.JS_error_contact -->
