<?xml version="1.0" encoding="UTF-8"?>
<!-- Generated by org.testng.reporters.JUnitReportReporter -->
<testsuite hostname="PC-SBARANOVA" name="services.JS_error" tests="1" failures="0" timestamp="17 Mar 2015 07:44:11 GMT" time="6.360" errors="0">
  <testcase name="testUntitled4" time="6.360" classname="services.JS_error"/>
</testsuite> <!-- services.JS_error -->
