<?xml version="1.0" encoding="UTF-8"?>
<!-- Generated by org.testng.reporters.JUnitReportReporter -->
<testsuite hostname="Lana-laptop" name="contact.Contact_email_change" tests="1" failures="0" timestamp="9 Aug 2014 10:00:29 GMT" time="4.436" errors="0">
  <testcase name="testUntitled6" time="4.436" classname="contact.Contact_email_change"/>
</testsuite> <!-- contact.Contact_email_change -->
