<?xml version="1.0" encoding="UTF-8"?>
<!-- Generated by org.testng.reporters.JUnitReportReporter -->
<testsuite hostname="PC-SBARANOVA" name="blog.Details_page" tests="1" failures="0" timestamp="18 Mar 2015 11:53:47 GMT" time="12.149" errors="0">
  <testcase name="testUntitled" time="12.149" classname="blog.Details_page"/>
</testsuite> <!-- blog.Details_page -->
