<?xml version="1.0" encoding="UTF-8"?>
<!-- Generated by org.testng.reporters.JUnitReportReporter -->
<testsuite hostname="PC-SBARANOVA" name="clients.Details" tests="1" failures="0" timestamp="17 Mar 2015 07:44:11 GMT" time="54.263" errors="0">
  <testcase name="testUntitled8" time="54.263" classname="clients.Details"/>
</testsuite> <!-- clients.Details -->
