<?xml version="1.0" encoding="UTF-8"?>
<!-- Generated by org.testng.reporters.JUnitReportReporter -->
<testsuite hostname="PC-SBARANOVA" name="blog.Captcha_invalid" tests="1" failures="0" timestamp="17 Mar 2015 07:44:11 GMT" time="15.645" errors="0">
  <testcase name="testUntitled2" time="15.645" classname="blog.Captcha_invalid"/>
</testsuite> <!-- blog.Captcha_invalid -->
