<?xml version="1.0" encoding="UTF-8"?>
<!-- Generated by org.testng.reporters.JUnitReportReporter -->
<testsuite hostname="Lana-laptop" name="services.Page" tests="1" failures="0" timestamp="14 Aug 2014 06:26:33 GMT" time="1.914" errors="0">
  <testcase name="testUntitled2" time="1.914" classname="services.Page"/>
</testsuite> <!-- services.Page -->
