<?xml version="1.0" encoding="UTF-8"?>
<!-- Generated by org.testng.reporters.JUnitReportReporter -->
<testsuite hostname="Lana-laptop" name="blog.Captcha_invalid" tests="1" failures="0" timestamp="11 Aug 2014 05:57:44 GMT" time="13.520" errors="0">
  <testcase name="testUntitled2" time="13.520" classname="blog.Captcha_invalid"/>
</testsuite> <!-- blog.Captcha_invalid -->
