<?xml version="1.0" encoding="UTF-8"?>
<!-- Generated by org.testng.reporters.JUnitReportReporter -->
<testsuite hostname="Lana-laptop" name="blog.JS_error_blog" tests="1" failures="0" timestamp="9 Aug 2014 10:00:29 GMT" time="1.842" errors="0">
  <testcase name="testUntitled4" time="1.842" classname="blog.JS_error_blog"/>
</testsuite> <!-- blog.JS_error_blog -->
