<?xml version="1.0" encoding="UTF-8"?>
<!-- Generated by org.testng.reporters.JUnitReportReporter -->
<testsuite hostname="Lana_Voit" name="clients.Website" tests="1" failures="0" timestamp="10 Apr 2016 13:51:37 GMT" time="20.910" errors="0">
  <testcase name="testUntitled7" time="20.910" classname="clients.Website"/>
</testsuite> <!-- clients.Website -->
