<?xml version="1.0" encoding="UTF-8"?>
<!-- Generated by org.testng.reporters.JUnitReportReporter -->
<testsuite hostname="Lana-laptop" name="blog.Comment" tests="1" failures="0" timestamp="14 Aug 2014 06:26:33 GMT" time="42.306" errors="0">
  <testcase name="testUntitled4" time="42.306" classname="blog.Comment"/>
</testsuite> <!-- blog.Comment -->
