<?xml version="1.0" encoding="UTF-8"?>
<!-- Generated by org.testng.reporters.JUnitReportReporter -->
<testsuite hostname="PC-SBARANOVA" name="clients.JS_error" tests="1" failures="0" timestamp="17 Mar 2015 07:33:21 GMT" time="6.390" errors="0">
  <testcase name="testUntitled4" time="6.390" classname="clients.JS_error"/>
</testsuite> <!-- clients.JS_error -->
