<?xml version="1.0" encoding="UTF-8"?>
<!-- Generated by org.testng.reporters.JUnitReportReporter -->
<testsuite hostname="PC-SBARANOVA" name="clients.Navigation" tests="1" failures="0" timestamp="18 Mar 2015 11:38:23 GMT" time="18.278" errors="0">
  <testcase name="testUntitled10" time="18.278" classname="clients.Navigation"/>
</testsuite> <!-- clients.Navigation -->
