<?xml version="1.0" encoding="UTF-8"?>
<!-- Generated by org.testng.reporters.JUnitReportReporter -->
<testsuite hostname="Lana_Voit" name="blog.Captche_enable" tests="1" failures="0" timestamp="10 Apr 2016 13:51:37 GMT" time="29.767" errors="0">
  <testcase name="testUntitled3" time="29.767" classname="blog.Captche_enable"/>
</testsuite> <!-- blog.Captche_enable -->
