<?xml version="1.0" encoding="UTF-8"?>
<!-- Generated by org.testng.reporters.JUnitReportReporter -->
<testsuite hostname="PC-SBARANOVA" name="contact.Contact_email_change" tests="1" failures="0" timestamp="17 Mar 2015 09:59:53 GMT" time="15.756" errors="0">
  <testcase name="testUntitled6" time="15.756" classname="contact.Contact_email_change"/>
</testsuite> <!-- contact.Contact_email_change -->
