<?xml version="1.0" encoding="UTF-8"?>
<!-- Generated by org.testng.reporters.JUnitReportReporter -->
<testsuite hostname="PC-SBARANOVA" name="about.Tabs" tests="1" failures="0" timestamp="20 Jan 2015 11:18:13 GMT" time="2.084" errors="0">
  <testcase name="testUntitled5" time="2.084" classname="about.Tabs"/>
</testsuite> <!-- about.Tabs -->
