<?xml version="1.0" encoding="UTF-8"?>
<!-- Generated by org.testng.reporters.JUnitReportReporter -->
<testsuite hostname="PS-SBARANOVA" name="contact.Form_valid" tests="1" failures="0" timestamp="8 Jul 2015 08:29:46 GMT" time="31.506" errors="0">
  <testcase name="testUntitled6" time="31.506" classname="contact.Form_valid"/>
</testsuite> <!-- contact.Form_valid -->
