<?xml version="1.0" encoding="UTF-8"?>
<!-- Generated by org.testng.reporters.JUnitReportReporter -->
<testsuite hostname="PC-SBARANOVA" name="about.Contact_us" tests="1" failures="0" timestamp="18 Mar 2015 11:53:47 GMT" time="8.207" errors="0">
  <testcase name="testUntitled6" time="8.207" classname="about.Contact_us"/>
</testsuite> <!-- about.Contact_us -->
