<?xml version="1.0" encoding="UTF-8"?>
<!-- Generated by org.testng.reporters.JUnitReportReporter -->
<testsuite hostname="PS-SBARANOVA" name="blog.Blog_page" tests="1" failures="0" timestamp="8 Jul 2015 08:29:46 GMT" time="7.203" errors="0">
  <testcase name="testUntitled2" time="7.203" classname="blog.Blog_page"/>
</testsuite> <!-- blog.Blog_page -->
