<?xml version="1.0" encoding="UTF-8"?>
<!-- Generated by org.testng.reporters.JUnitReportReporter -->
<testsuite hostname="PS-SBARANOVA" name="home.Banner" tests="1" failures="0" timestamp="8 Jul 2015 08:29:46 GMT" time="5.940" errors="0">
  <testcase name="testUntitled4" time="5.940" classname="home.Banner"/>
</testsuite> <!-- home.Banner -->
