<?xml version="1.0" encoding="UTF-8"?>
<!-- Generated by org.testng.reporters.JUnitReportReporter -->
<testsuite hostname="Lana-laptop" name="home.Newsletter_valid" tests="1" failures="0" timestamp="14 Aug 2014 06:26:33 GMT" time="1.801" errors="0">
  <testcase name="testUntitled3" time="1.801" classname="home.Newsletter_valid"/>
</testsuite> <!-- home.Newsletter_valid -->
