<?xml version="1.0" encoding="UTF-8"?>
<!-- Generated by org.testng.reporters.JUnitReportReporter -->
<testsuite hostname="Lana-laptop" name="clients.Details" tests="1" failures="0" timestamp="11 Aug 2014 05:57:44 GMT" time="3.170" errors="0">
  <testcase name="testUntitled8" time="3.170" classname="clients.Details"/>
</testsuite> <!-- clients.Details -->
