<?xml version="1.0" encoding="UTF-8"?>
<!-- Generated by org.testng.reporters.JUnitReportReporter -->
<testsuite hostname="PC-SBARANOVA" name="blog.Comment" tests="1" failures="0" timestamp="18 Mar 2015 11:53:47 GMT" time="45.645" errors="0">
  <testcase name="testUntitled4" time="45.645" classname="blog.Comment"/>
</testsuite> <!-- blog.Comment -->
