<?xml version="1.0" encoding="UTF-8"?>
<!-- Generated by org.testng.reporters.JUnitReportReporter -->
<testsuite hostname="PC-SBARANOVA" name="home.Banner" tests="1" failures="0" timestamp="18 Mar 2015 11:38:23 GMT" time="8.449" errors="0">
  <testcase name="testUntitled4" time="8.449" classname="home.Banner"/>
</testsuite> <!-- home.Banner -->
