<?xml version="1.0" encoding="UTF-8"?>
<!-- Generated by org.testng.reporters.JUnitReportReporter -->
<testsuite hostname="Lana-laptop" name="blog.Details_page" tests="1" failures="0" timestamp="9 Aug 2014 10:00:29 GMT" time="2.508" errors="0">
  <testcase name="testUntitled" time="2.508" classname="blog.Details_page"/>
</testsuite> <!-- blog.Details_page -->
