<?xml version="1.0" encoding="UTF-8"?>
<!-- Generated by org.testng.reporters.JUnitReportReporter -->
<testsuite hostname="Lana-laptop" name="about.Tabs" tests="1" failures="0" timestamp="9 Aug 2014 10:00:29 GMT" time="2.126" errors="0">
  <testcase name="testUntitled5" time="2.126" classname="about.Tabs"/>
</testsuite> <!-- about.Tabs -->
