<?xml version="1.0" encoding="UTF-8"?>
<!-- Generated by org.testng.reporters.JUnitReportReporter -->
<testsuite hostname="PC-SBARANOVA" name="clients.Navigation" tests="1" failures="0" timestamp="18 Mar 2015 11:53:47 GMT" time="20.195" errors="0">
  <testcase name="testUntitled10" time="20.195" classname="clients.Navigation"/>
</testsuite> <!-- clients.Navigation -->
