<?xml version="1.0" encoding="UTF-8"?>
<!-- Generated by org.testng.reporters.JUnitReportReporter -->
<testsuite hostname="PS-SBARANOVA" name="clients.Navigation" tests="1" failures="0" timestamp="8 Jul 2015 08:29:46 GMT" time="29.545" errors="0">
  <testcase name="testUntitled10" time="29.545" classname="clients.Navigation"/>
</testsuite> <!-- clients.Navigation -->
