<?xml version="1.0" encoding="UTF-8"?>
<!-- Generated by org.testng.reporters.JUnitReportReporter -->
<testsuite hostname="PC-SBARANOVA" name="clients.Navigation" tests="1" failures="0" timestamp="17 Mar 2015 09:59:53 GMT" time="8.773" errors="0">
  <testcase name="testUntitled10" time="8.773" classname="clients.Navigation"/>
</testsuite> <!-- clients.Navigation -->
