<?xml version="1.0" encoding="UTF-8"?>
<!-- Generated by org.testng.reporters.JUnitReportReporter -->
<testsuite hostname="Lana_Voit" name="clients.Details_elements" tests="1" failures="0" timestamp="10 Apr 2016 13:51:37 GMT" time="12.239" errors="0">
  <testcase name="testUntitled9" time="12.239" classname="clients.Details_elements"/>
</testsuite> <!-- clients.Details_elements -->
