<?xml version="1.0" encoding="UTF-8"?>
<!-- Generated by org.testng.reporters.JUnitReportReporter -->
<testsuite hostname="PC-SBARANOVA" name="clients.Details_elements" tests="1" failures="0" timestamp="17 Mar 2015 07:44:11 GMT" time="4.970" errors="0">
  <testcase name="testUntitled9" time="4.970" classname="clients.Details_elements"/>
</testsuite> <!-- clients.Details_elements -->
