<?xml version="1.0" encoding="UTF-8"?>
<!-- Generated by org.testng.reporters.JUnitReportReporter -->
<testsuite hostname="PC-SBARANOVA" name="blog.Search" tests="1" failures="0" timestamp="20 Jan 2015 11:18:13 GMT" time="1.834" errors="0">
  <testcase name="testUntitled3" time="1.834" classname="blog.Search"/>
</testsuite> <!-- blog.Search -->
