<?xml version="1.0" encoding="UTF-8"?>
<!-- Generated by org.testng.reporters.JUnitReportReporter -->
<testsuite hostname="Lana_Voit" name="about.Contact_us" tests="1" failures="0" timestamp="10 Apr 2016 13:51:37 GMT" time="5.982" errors="0">
  <testcase name="testUntitled6" time="5.982" classname="about.Contact_us"/>
</testsuite> <!-- about.Contact_us -->
