<?xml version="1.0" encoding="UTF-8"?>
<!-- Generated by org.testng.reporters.JUnitReportReporter -->
<testsuite hostname="Lana_Voit" name="blog.Blog_page" tests="1" failures="0" timestamp="10 Apr 2016 13:51:37 GMT" time="11.497" errors="0">
  <testcase name="testUntitled2" time="11.497" classname="blog.Blog_page"/>
</testsuite> <!-- blog.Blog_page -->
