<?xml version="1.0" encoding="UTF-8"?>
<!-- Generated by org.testng.reporters.JUnitReportReporter -->
<testsuite hostname="PC-SBARANOVA" name="about.Tabs" tests="1" failures="0" timestamp="17 Mar 2015 07:44:11 GMT" time="14.885" errors="0">
  <testcase name="testUntitled5" time="14.885" classname="about.Tabs"/>
</testsuite> <!-- about.Tabs -->
